


materialPath: C:\Program Files (x86)\Steam\steamapps\common\Counter-Strike Global Offensive\csgo\materials
Loading C:\Program Files (x86)\Steam\steamapps\common\Counter-Strike Global Offensive\csgo\maps\blast3goff\aim_blast_d.vmf
Map revision 0
Material not found!: YESBER/BLAST/BLAST_FLOOR_1_LIT
Material not found!: YESBER/BLAST/BLAST_FLOOR_5_LIT
Material not found!: YESBER/BLAST/BLAST_WALL_GRADIENT_1_LIT
Material not found!: YESBER/BLAST/BLAST_SPONSOR_OMEN_2
Material not found!: YESBER/BLAST/BLAST_SPONSOR_BETWAY
Material not found!: YESBER/BLAST/BLAST_FLOOR_3_LIT
Material not found!: YESBER/BLAST/BLAST_FLOOR_2
Material not found!: YESBER/BLAST/BLAST_FLOOR
Material not found!: YESBER/BLAST/BLAST_LOGO_TWITCH_TABLE
Material not found!: YPRAC/YPRAC_DARK2
Material not found!: CUSTOM_TEXTURES/BLAST/BLAST_FLOOR
Material not found!: YESBER/BLAST/BLAST_WINDOW_SPONSOR_1
Material not found!: YESBER/BLAST/BLAST_FLOOR_1
Material not found!: YESBER/BLAST/BLAST_FLOOR_5
Material not found!: YESBER/BLAST/BLAST_WINDOW_SPONSOR_2
Material not found!: YESBER/BLAST/BLAST_WALL_GRADIENT_3_LIT
Material not found!: YESBER/BLAST/BLAST_LOGO_TWITCH_OPAGUE
Material not found!: YESBER/BLAST/BLAST_PS_SQUARE_OPAGUE
Material not found!: YESBER/BLAST/BLAST_FLOOR_4_LIT
Material not found!: YESBER/BLAST/BLAST_FLOOR_6_LIT
Material not found!: YESBER/BLAST/BLAST_FLOOR_2_LIT
Material not found!: YESBER/BLAST/BLAST_FLOOR_9
Material not found!: YESBER/BLAST/BLAST_GRADIENT_CIRCLE_LIT
Material not found!: YESBER/BLAST/BLAST_GRADIENT_CIRCLE_2
Material not found!: YESBER/BLAST/BLAST_FLOOR_7_LIT
fixing up env_cubemap materials on brush sides...
0...1...2...3...4...5...6...7...8...9...100...1...2...3...4...5...6...7...8...9...10Processing areas...done (0)
Building Faces...done (0)
Chop Details...done (0)
Find Visible Detail Sides...
Merged 158 detail faces...done (0)
Merging details...done (0)
FixTjuncs...
PruneNodes...
WriteBSP...
done (0)
writing C:\Program Files (x86)\Steam\steamapps\common\Counter-Strike Global Offensive\csgo\maps\blast3goff\aim_blast_d.prt...Building visibility clusters...
done (0)
Finding displacement neighbors...
Finding lightmap sample positions...
Displacement Alpha : 0...1...2...3...4...5...6...7...8...9...10
Building Physics collision data...
done (3) (873551 bytes)
Encountered obsolete static prop option to do its fade in screen space @ -1676.00 -170.00 8073.00
Encountered obsolete static prop option to do its fade in screen space @ -1676.00 -170.00 8073.00
Encountered obsolete static prop option to do its fade in screen space @ -1676.00 -426.00 8073.00
Encountered obsolete static prop option to do its fade in screen space @ -1676.00 -426.00 8073.00
Encountered obsolete static prop option to do its fade in screen space @ -1676.00 341.00 8073.00
Encountered obsolete static prop option to do its fade in screen space @ -1676.00 214.00 8073.00
Encountered obsolete static prop option to do its fade in screen space @ -1676.00 214.00 8073.00
Encountered obsolete static prop option to do its fade in screen space @ -1676.00 -42.00 8073.00
Encountered obsolete static prop option to do its fade in screen space @ -1676.00 -42.00 8073.00
Encountered obsolete static prop option to do its fade in screen space @ -324.00 90.77 8073.00
Encountered obsolete static prop option to do its fade in screen space @ -324.00 90.77 8073.00
Encountered obsolete static prop option to do its fade in screen space @ -324.00 346.77 8073.00
Encountered obsolete static prop option to do its fade in screen space @ -324.00 346.77 8073.00
Encountered obsolete static prop option to do its fade in screen space @ -324.00 -420.23 8073.00
Encountered obsolete static prop option to do its fade in screen space @ -324.00 -293.23 8073.00
Encountered obsolete static prop option to do its fade in screen space @ -324.00 -293.23 8073.00
Encountered obsolete static prop option to do its fade in screen space @ -324.00 -37.23 8073.00
Encountered obsolete static prop option to do its fade in screen space @ -324.00 -37.23 8073.00
Encountered obsolete static prop option to do its fade in screen space @ -324.00 1020.00 8056.00
Encountered obsolete static prop option to do its fade in screen space @ -324.00 -1100.00 8056.00
Encountered obsolete static prop option to do its fade in screen space @ -1676.00 -1100.00 8056.00
Encountered obsolete static prop option to do its fade in screen space @ -1676.00 1020.00 8056.00
Encountered obsolete static prop option to do its fade in screen space @ -1248.00 1020.00 8056.00
Encountered obsolete static prop option to do its fade in screen space @ -1676.00 1016.00 8056.00
Encountered obsolete static prop option to do its fade in screen space @ -864.00 1020.00 8056.00
Encountered obsolete static prop option to do its fade in screen space @ -480.00 1020.00 8056.00
Encountered obsolete static prop option to do its fade in screen space @ -336.00 1020.00 8056.00
Encountered obsolete static prop option to do its fade in screen space @ -368.00 1020.00 8056.00
Encountered obsolete static prop option to do its fade in screen space @ -1632.00 1020.00 8056.00
Encountered obsolete static prop option to do its fade in screen space @ -368.00 -1100.00 8056.00
Encountered obsolete static prop option to do its fade in screen space @ -752.00 -1100.00 8056.00
Encountered obsolete static prop option to do its fade in screen space @ -1136.00 -1100.00 8056.00
Encountered obsolete static prop option to do its fade in screen space @ -1520.00 -1100.00 8056.00
Encountered obsolete static prop option to do its fade in screen space @ -1632.00 -1100.00 8056.00
Encountered obsolete static prop option to do its fade in screen space @ -1664.00 -1100.00 8056.00
Encountered obsolete static prop option to do its fade in screen space @ -1676.00 -712.00 8056.00
Encountered obsolete static prop option to do its fade in screen space @ -1676.00 -328.00 8056.00
Encountered obsolete static prop option to do its fade in screen space @ -1676.00 56.00 8056.00
Encountered obsolete static prop option to do its fade in screen space @ -1676.00 440.00 8056.00
Encountered obsolete static prop option to do its fade in screen space @ -1676.00 824.00 8056.00
Encountered obsolete static prop option to do its fade in screen space @ -324.00 -1096.00 8056.00
Encountered obsolete static prop option to do its fade in screen space @ -324.00 -904.00 8056.00
Encountered obsolete static prop option to do its fade in screen space @ -324.00 -520.00 8056.00
Encountered obsolete static prop option to do its fade in screen space @ -324.00 -136.00 8056.00
Encountered obsolete static prop option to do its fade in screen space @ -324.00 248.00 8056.00
Encountered obsolete static prop option to do its fade in screen space @ -324.00 632.00 8056.00
Encountered obsolete static prop option to do its fade in screen space @ 11024.00 -504.00 -3168.00
Error loading studio model "models/blast_pro/blast_logo/blast_logo.mdl"!
Encountered obsolete static prop option to do its fade in screen space @ 11344.00 -470.00 -3924.00
Encountered obsolete static prop option to do its fade in screen space @ 11344.00 -470.00 -3924.00
Encountered obsolete static prop option to do its fade in screen space @ 11344.00 -470.00 -3924.00
Encountered obsolete static prop option to do its fade in screen space @ 11344.00 -470.00 -3924.00
Encountered obsolete static prop option to do its fade in screen space @ 11344.00 -470.00 -3924.00
Encountered obsolete static prop option to do its fade in screen space @ 11344.00 -470.00 -3924.00
Encountered obsolete static prop option to do its fade in screen space @ 11344.00 -470.00 -3924.00
Encountered obsolete static prop option to do its fade in screen space @ 11344.00 -470.00 -3924.00
Encountered obsolete static prop option to do its fade in screen space @ 11344.00 -470.00 -3924.00
Encountered obsolete static prop option to do its fade in screen space @ 11344.00 -470.00 -3924.00
Encountered obsolete static prop option to do its fade in screen space @ 11344.00 -470.00 -3924.00
Encountered obsolete static prop option to do its fade in screen space @ -1676.00 757.23 8200.00
Encountered obsolete static prop option to do its fade in screen space @ -1676.00 757.23 8200.00
Encountered obsolete static prop option to do its fade in screen space @ -1674.00 1020.00 8200.00
Encountered obsolete static prop option to do its fade in screen space @ -1674.00 1020.00 8200.00
Encountered obsolete static prop option to do its fade in screen space @ -324.00 1018.00 8200.00
Encountered obsolete static prop option to do its fade in screen space @ -324.00 1018.00 8200.00
Encountered obsolete static prop option to do its fade in screen space @ -362.00 1020.00 8200.00
Encountered obsolete static prop option to do its fade in screen space @ -362.00 1020.00 8200.00
Encountered obsolete static prop option to do its fade in screen space @ -1514.00 1020.00 8200.00
Encountered obsolete static prop option to do its fade in screen space @ -1514.00 1020.00 8200.00
Encountered obsolete static prop option to do its fade in screen space @ -490.00 1020.00 8200.00
Encountered obsolete static prop option to do its fade in screen space @ -490.00 1020.00 8200.00
Encountered obsolete static prop option to do its fade in screen space @ -746.00 1020.00 8200.00
Encountered obsolete static prop option to do its fade in screen space @ -746.00 1020.00 8200.00
Encountered obsolete static prop option to do its fade in screen space @ -1002.00 1020.00 8200.00
Encountered obsolete static prop option to do its fade in screen space @ -1002.00 1020.00 8200.00
Encountered obsolete static prop option to do its fade in screen space @ -1258.00 1020.00 8200.00
Encountered obsolete static prop option to do its fade in screen space @ -1258.00 1020.00 8200.00
Encountered obsolete static prop option to do its fade in screen space @ -1642.00 1020.00 8200.00
Encountered obsolete static prop option to do its fade in screen space @ -1642.00 1020.00 8200.00
Encountered obsolete static prop option to do its fade in screen space @ -324.00 762.00 8200.00
Encountered obsolete static prop option to do its fade in screen space @ -362.00 1020.00 8200.00
Encountered obsolete static prop option to do its fade in screen space @ -326.00 1020.00 8200.00
Encountered obsolete static prop option to do its fade in screen space @ -1676.00 1013.23 8200.00
Encountered obsolete static prop option to do its fade in screen space @ -1676.00 634.71 8072.00
Encountered obsolete static prop option to do its fade in screen space @ -1676.00 634.71 8072.00
Encountered obsolete static prop option to do its fade in screen space @ -1676.00 757.23 8072.00
Encountered obsolete static prop option to do its fade in screen space @ -1676.00 757.23 8072.00
Encountered obsolete static prop option to do its fade in screen space @ -324.00 762.00 8072.00
Encountered obsolete static prop option to do its fade in screen space @ -324.00 762.00 8072.00
Encountered obsolete static prop option to do its fade in screen space @ -1674.00 1020.00 8072.00
Encountered obsolete static prop option to do its fade in screen space @ -1674.00 1020.00 8072.00
Encountered obsolete static prop option to do its fade in screen space @ -324.00 1018.00 8072.00
Encountered obsolete static prop option to do its fade in screen space @ -324.00 1018.00 8072.00
Encountered obsolete static prop option to do its fade in screen space @ -362.00 1020.00 8072.00
Encountered obsolete static prop option to do its fade in screen space @ -362.00 1020.00 8072.00
Encountered obsolete static prop option to do its fade in screen space @ -490.00 1020.00 8072.00
Encountered obsolete static prop option to do its fade in screen space @ -490.00 1020.00 8072.00
Encountered obsolete static prop option to do its fade in screen space @ -746.00 1020.00 8072.00
Encountered obsolete static prop option to do its fade in screen space @ -746.00 1020.00 8072.00
Encountered obsolete static prop option to do its fade in screen space @ -1002.00 1020.00 8072.00
Encountered obsolete static prop option to do its fade in screen space @ -1002.00 1020.00 8072.00
Encountered obsolete static prop option to do its fade in screen space @ -1258.00 1020.00 8072.00
Encountered obsolete static prop option to do its fade in screen space @ -1258.00 1020.00 8072.00
Encountered obsolete static prop option to do its fade in screen space @ -1676.00 1018.00 8072.00
Encountered obsolete static prop option to do its fade in screen space @ -324.00 635.00 8072.00
Encountered obsolete static prop option to do its fade in screen space @ -326.00 1020.00 8072.00
Encountered obsolete static prop option to do its fade in screen space @ -1642.00 1020.00 8072.00
Encountered obsolete static prop option to do its fade in screen space @ -1642.00 1020.00 8072.00
Encountered obsolete static prop option to do its fade in screen space @ -1514.00 1020.00 8072.00
Encountered obsolete static prop option to do its fade in screen space @ -1514.00 1020.00 8072.00
Encountered obsolete static prop option to do its fade in screen space @ -324.00 -837.23 8200.00
Encountered obsolete static prop option to do its fade in screen space @ -324.00 -837.23 8200.00
Encountered obsolete static prop option to do its fade in screen space @ -326.00 -1100.00 8200.00
Encountered obsolete static prop option to do its fade in screen space @ -326.00 -1100.00 8200.00
Encountered obsolete static prop option to do its fade in screen space @ -1676.00 -1098.00 8200.00
Encountered obsolete static prop option to do its fade in screen space @ -1676.00 -1098.00 8200.00
Encountered obsolete static prop option to do its fade in screen space @ -1638.00 -1100.00 8200.00
Encountered obsolete static prop option to do its fade in screen space @ -1638.00 -1100.00 8200.00
Encountered obsolete static prop option to do its fade in screen space @ -486.00 -1100.00 8200.00
Encountered obsolete static prop option to do its fade in screen space @ -486.00 -1100.00 8200.00
Encountered obsolete static prop option to do its fade in screen space @ -1510.00 -1100.00 8200.00
Encountered obsolete static prop option to do its fade in screen space @ -1510.00 -1100.00 8200.00
Encountered obsolete static prop option to do its fade in screen space @ -1254.00 -1100.00 8200.00
Encountered obsolete static prop option to do its fade in screen space @ -1254.00 -1100.00 8200.00
Encountered obsolete static prop option to do its fade in screen space @ -998.00 -1100.00 8200.00
Encountered obsolete static prop option to do its fade in screen space @ -998.00 -1100.00 8200.00
Encountered obsolete static prop option to do its fade in screen space @ -742.00 -1100.00 8200.00
Encountered obsolete static prop option to do its fade in screen space @ -742.00 -1100.00 8200.00
Encountered obsolete static prop option to do its fade in screen space @ -358.00 -1100.00 8200.00
Encountered obsolete static prop option to do its fade in screen space @ -358.00 -1100.00 8200.00
Encountered obsolete static prop option to do its fade in screen space @ -1676.00 -842.00 8200.00
Encountered obsolete static prop option to do its fade in screen space @ -1638.00 -1100.00 8200.00
Encountered obsolete static prop option to do its fade in screen space @ -1674.00 -1100.00 8200.00
Encountered obsolete static prop option to do its fade in screen space @ -324.00 -1093.23 8200.00
Encountered obsolete static prop option to do its fade in screen space @ -324.00 -714.71 8072.00
Encountered obsolete static prop option to do its fade in screen space @ -324.00 -714.71 8072.00
Encountered obsolete static prop option to do its fade in screen space @ -324.00 -837.23 8072.00
Encountered obsolete static prop option to do its fade in screen space @ -324.00 -837.23 8072.00
Encountered obsolete static prop option to do its fade in screen space @ -1676.00 -842.00 8072.00
Encountered obsolete static prop option to do its fade in screen space @ -1676.00 -842.00 8072.00
Encountered obsolete static prop option to do its fade in screen space @ -326.00 -1100.00 8072.00
Encountered obsolete static prop option to do its fade in screen space @ -326.00 -1100.00 8072.00
Encountered obsolete static prop option to do its fade in screen space @ -1676.00 -1098.00 8072.00
Encountered obsolete static prop option to do its fade in screen space @ -1676.00 -1098.00 8072.00
Encountered obsolete static prop option to do its fade in screen space @ -1638.00 -1100.00 8072.00
Encountered obsolete static prop option to do its fade in screen space @ -1638.00 -1100.00 8072.00
Encountered obsolete static prop option to do its fade in screen space @ -1510.00 -1100.00 8072.00
Encountered obsolete static prop option to do its fade in screen space @ -1510.00 -1100.00 8072.00
Encountered obsolete static prop option to do its fade in screen space @ -1254.00 -1100.00 8072.00
Encountered obsolete static prop option to do its fade in screen space @ -1254.00 -1100.00 8072.00
Encountered obsolete static prop option to do its fade in screen space @ -998.00 -1100.00 8072.00
Encountered obsolete static prop option to do its fade in screen space @ -998.00 -1100.00 8072.00
Encountered obsolete static prop option to do its fade in screen space @ -742.00 -1100.00 8072.00
Encountered obsolete static prop option to do its fade in screen space @ -742.00 -1100.00 8072.00
Encountered obsolete static prop option to do its fade in screen space @ -324.00 -1098.00 8072.00
Encountered obsolete static prop option to do its fade in screen space @ -1676.00 -715.00 8072.00
Encountered obsolete static prop option to do its fade in screen space @ -1674.00 -1100.00 8072.00
Encountered obsolete static prop option to do its fade in screen space @ -358.00 -1100.00 8072.00
Encountered obsolete static prop option to do its fade in screen space @ -358.00 -1100.00 8072.00
Encountered obsolete static prop option to do its fade in screen space @ -486.00 -1100.00 8072.00
Encountered obsolete static prop option to do its fade in screen space @ -486.00 -1100.00 8072.00
Encountered obsolete static prop option to do its fade in screen space @ 11040.00 -502.00 -3282.00
Encountered obsolete static prop option to do its fade in screen space @ 11224.00 -217.00 -3261.00
Encountered obsolete static prop option to do its fade in screen space @ 11634.00 -400.00 -3310.00
Encountered obsolete static prop option to do its fade in screen space @ 11402.00 -764.00 -3264.00
Placing detail props : 0...1...2...3...4...5...6...7...8...9...10
Compacting texture/material tables...
Reduced 2109 texinfos to 989
Reduced 37 texdatas to 36 (1151 bytes to 1100)
Writing C:\Program Files (x86)\Steam\steamapps\common\Counter-Strike Global Offensive\csgo\maps\blast3goff\aim_blast_d.bsp
5 seconds elapsed



4 threads
reading c:\program files (x86)\steam\steamapps\common\counter-strike global offensive\csgo\maps\blast3goff\aim_blast_d.bsp
reading c:\program files (x86)\steam\steamapps\common\counter-strike global offensive\csgo\maps\blast3goff\aim_blast_d.prt
 231 portalclusters
 710 numportals
0...1...2...3...4...5...6...7...8...9...100...1...2...3...4...5...6...7...8...9...10Optimized: 10 visible clusters (0.00%)
Total clusters visible: 52401
Average clusters visible: 226
Building PAS...
Average clusters audible: 229
visdatasize:15198  compressed from 14784
writing c:\program files (x86)\steam\steamapps\common\counter-strike global offensive\csgo\maps\blast3goff\aim_blast_d.bsp
7 seconds elapsed



[Reading texlights from 'lights.rad']
[17 texlights parsed from 'lights.rad']

Loading c:\program files (x86)\steam\steamapps\common\counter-strike global offensive\csgo\maps\blast3goff\aim_blast_d.bsp
5813 faces
5840642 square feet [841052416.00 square inches]
0 Displacements
0 Square Feet [0.00 Square Inches]
5813 patches before subdivision
52497 patches after subdivision
17 direct lights
0...1...2...3...4...5...6...7...8...9...100...1...2...3...4...5...6...7...8...9...10transfers 2086707, max 915
transfer lists:  15.9 megs
0...1...2...3...4...5...6...7...8...9...10	Bounce #1 added RGB(40748, 48458, 57605)
0...1...2...3...4...5...6...7...8...9...10	Bounce #2 added RGB(2003, 2602, 3384)
0...1...2...3...4...5...6...7...8...9...10	Bounce #3 added RGB(238, 306, 392)
0...1...2...3...4...5...6...7...8...9...10	Bounce #4 added RGB(33, 42, 55)
0...1...2...3...4...5...6...7...8...9...10	Bounce #5 added RGB(5, 6, 8)
0...1...2...3...4...5...6...7...8...9...10	Bounce #6 added RGB(1, 1, 1)
0...1...2...3...4...5...6...7...8...9...10	Bounce #7 added RGB(0, 0, 0)
Build Patch/Sample Hash Table(s).....Done<0.0225 sec>
0...1...2...3...4...5...6...7...8...9...10FinalLightFace Done
0 of 0 (0% of) surface lights went in leaf ambient cubes.
0...1...2...3...4...5...6...7...8...9...10Writing leaf ambient...done
Ready to Finish

Object names       Objects/Maxobjs  Memory / Maxmem  Fullness 
------------       ---------------  ---------------  -------- 
models                 353/1024        16944/49152    (34.5%) 
brushes               2233/8192        26796/98304    (27.3%) 
brushsides           15682/81920      125456/655360   (19.1%) 
planes                2760/65536       55200/1310720  ( 4.2%) 
vertexes              9288/65536      111456/786432   (14.2%) 
nodes                 4941/65536      158112/2097152  ( 7.5%) 
texinfos               989/12288       71208/884736   ( 8.0%) 
texdata                 36/4096         1152/131072   ( 0.9%) 
dispinfos                0/0               0/0        ( 0.0%) 
disp_verts               0/0               0/0        ( 0.0%) 
disp_tris                0/0               0/0        ( 0.0%) 
disp_multiblend          0/0               0/0        ( 0.0%) 
disp_lmsamples           0/0               0/0        ( 0.0%) 
faces                 5813/65536      325528/3670016  ( 8.9%) 
hdr faces                0/65536           0/3670016  ( 0.0%) 
origfaces             4808/65536      269248/3670016  ( 7.3%) 
facebrushes            611/0            1222/0        ( 0.0%) 
facebrushlists        5813/0           23252/0        ( 0.0%) 
leaves                5295/65536      169440/2097152  ( 8.1%) 
leaffaces             6513/65536       13026/131072   ( 9.9%) 
leafbrushes           2965/65536        5930/131072   ( 4.5%) 
areas                    3/1024           24/8192     ( 0.3%) 
surfedges            44264/512000     177056/2048000  ( 8.6%) 
edges                24916/256000      99664/1024000  ( 9.7%) 
LDR worldlights         17/8192         1700/819200   ( 0.2%) 
HDR worldlights          0/8192            0/819200   ( 0.0%) 
leafwaterdata            0/32768           0/393216   ( 0.0%) 
waterstrips             85/32768         850/327680   ( 0.3%) 
waterverts               0/65536           0/786432   ( 0.0%) 
waterindices          1614/65536        3228/131072   ( 2.5%) 
cubemapsamples           0/1024            0/16384    ( 0.0%) 
overlays                 8/1024         2816/360448   ( 0.8%) 
LDR lightdata         [variable]     6436748/0        ( 0.0%) 
HDR lightdata         [variable]           0/0        ( 0.0%) 
visdata               [variable]       15198/16777216 ( 0.1%) 
entdata               [variable]      272603/393216   (69.3%) 
LDR ambient table     5295/65536       21180/262144   ( 8.1%) 
HDR ambient table     5295/65536       21180/262144   ( 8.1%) 
LDR leaf ambient     23701/65536      663628/1835008  (36.2%) 
HDR leaf ambient      5295/65536      148260/1835008  ( 8.1%) 
occluders                0/0               0/0        ( 0.0%) 
occluder polygons        0/0               0/0        ( 0.0%) 
occluder vert ind        0/0               0/0        ( 0.0%) 
detail props          [variable]           1/12       ( 8.3%) 
static props          [variable]           1/18220    ( 0.0%) 
pakfile               [variable]      149134/0        ( 0.0%) 
physics               [variable]      873551/4194304  (20.8%) 
physics terrain       [variable]           2/1048576  ( 0.0%) 

Level flags = 7c

Total triangle count: 13613
Writing c:\program files (x86)\steam\steamapps\common\counter-strike global offensive\csgo\maps\blast3goff\aim_blast_d.bsp
36 seconds elapsed
