PRT1
231
710
4 1 4 (1024 2048 0 ) (1024 2048 13312 ) (1024 2560 13312 ) (1024 2560 0 ) 
4 1 2 (1536 2048 0 ) (1536 2048 13312 ) (1024 2048 13312 ) (1024 2048 0 ) 
4 2 7 (1024 1024 0 ) (1024 1024 13312 ) (1024 2048 13312 ) (1024 2048 0 ) 
4 2 3 (1536 1024 0 ) (1536 1024 13312 ) (1024 1024 13312 ) (1024 1024 0 ) 
4 3 100 (1536 0 0 ) (1536 0 13312 ) (1024 0 13312 ) (1024 0 0 ) 
4 3 8 (1024 0 0 ) (1024 0 13312 ) (1024 1024 13312 ) (1024 1024 0 ) 
4 4 7 (1024 2048 0 ) (1024 2048 13312 ) (0 2048 13312 ) (0 2048 0 ) 
4 4 5 (0 2048 0 ) (0 2048 13312 ) (0 2560 13312 ) (0 2560 0 ) 
4 5 10 (-320 2048 13312 ) (-1024 2048 13312 ) (-1024 2048 0 ) (-320 2048 0 ) 
4 5 9 (0 2048 0 ) (0 2048 13312 ) (-320 2048 13312 ) (-320 2048 0 ) 
4 5 6 (-1024 2048 0 ) (-1024 2048 13312 ) (-1024 2560 13312 ) (-1024 2560 0 ) 
4 6 94 (-2048 2048 0 ) (-2048 2048 13312 ) (-2048 2560 13312 ) (-2048 2560 0 ) 
4 6 14 (-2048 2048 13312 ) (-2048 2048 0 ) (-1680 2048 0 ) (-1680 2048 13312 ) 
4 6 12 (-1680 2048 0 ) (-1024 2048 0 ) (-1024 2048 13312 ) (-1680 2048 13312 ) 
4 7 9 (0 2048 13312 ) (0 2048 0 ) (0 1024 0 ) (0 1024 13312 ) 
4 7 8 (1024 1024 0 ) (1024 1024 13312 ) (0 1024 13312 ) (0 1024 0 ) 
4 8 103 (1024 0 0 ) (1024 0 13312 ) (0 0 13312 ) (0 0 0 ) 
4 8 17 (0 0 0 ) (0 0 13312 ) (0 56 13312 ) (0 56 0 ) 
4 8 15 (0 56 13312 ) (0 1024 13312 ) (0 1024 0 ) (0 56 0 ) 
4 9 16 (-224 1024 13312 ) (-320 1024 13312 ) (-320 1024 8072 ) (-224 1024 7944.001953 ) 
4 9 15 (0 1024 0 ) (0 1024 13312 ) (-224 1024 13312 ) (-224 1024 0 ) 
4 9 11 (-320 1024 8072 ) (-320 1024 13312 ) (-320 1120 13312 ) (-320 1120 7944 ) 
4 9 10 (-320 1120 13312 ) (-320 2048 13312 ) (-320 2048 0 ) (-320 1120 0 ) 
4 10 12 (-1024 2048 13312 ) (-1024 2048 0 ) (-1024 1120 0 ) (-1024 1120 13312 ) 
4 10 11 (-1024 1120 13312 ) (-1024 1120 7944 ) (-320 1120 7944 ) (-320 1120 13312 ) 
4 11 36 (-328 1024 13312 ) (-1024 1024 13312 ) (-1024 1024 8072 ) (-328 1024 8072 ) 
4 11 31 (-327 1024 13312 ) (-328 1024 13312 ) (-328 1024 8072 ) (-327 1024 8072 ) 
4 11 30 (-324 1024 13312 ) (-327 1024 13312 ) (-327 1024 8072 ) (-324 1024 8072 ) 
4 11 19 (-323 1024 13312 ) (-324 1024 13312 ) (-324 1024 8072 ) (-323 1024 8072 ) 
4 11 18 (-320 1024 8072 ) (-320 1024 13312 ) (-323 1024 13312 ) (-323 1024 8072 ) 
4 11 13 (-1024 1024 8072 ) (-1024 1024 13312 ) (-1024 1120 13312 ) (-1024 1120 7944 ) 
4 12 14 (-1680 1120 0 ) (-1680 1120 13312 ) (-1680 2048 13312 ) (-1680 2048 0 ) 
4 12 13 (-1680 1120 13312 ) (-1680 1120 7944 ) (-1024 1120 7944 ) (-1024 1120 13312 ) 
4 13 72 (-1672 1024 13312 ) (-1673 1024 13312 ) (-1673 1024 8072 ) (-1672 1024 8072 ) 
4 13 77 (-1673 1024 13312 ) (-1677 1024 13312 ) (-1677 1024 8072 ) (-1673 1024 8072 ) 
4 13 90 (-1677 1024 13312 ) (-1680 1024 13312 ) (-1680 1024 8072 ) (-1677 1024 8072 ) 
4 13 54 (-1024 1024 8072 ) (-1024 1024 13312 ) (-1672 1024 13312 ) (-1672 1024 8072 ) 
4 13 14 (-1680 1024 8072 ) (-1680 1024 13312 ) (-1680 1120 13312 ) (-1680 1120 7944 ) 
4 14 96 (-2048 1024 0 ) (-2048 1024 13312 ) (-2048 2048 13312 ) (-2048 2048 0 ) 
4 14 92 (-2048 1024 13312 ) (-2048 1024 0 ) (-1776 1024 0 ) (-1776 1024 13312 ) 
4 14 91 (-1680 1024 8072 ) (-1680 1024 13312 ) (-1776 1024 13312 ) (-1776 1024 7944 ) 
4 15 17 (0 56 0 ) (0 56 13312 ) (-224 56 13312 ) (-224 56 0 ) 
4 15 16 (-224 56 7944 ) (-224 56 13312 ) (-224 1024 13312 ) (-224 1024 7944.001953 ) 
4 16 18 (-320 1024 13312 ) (-320 1024 8072 ) (-320 56 8072 ) (-320 56 13312 ) 
4 16 17 (-320 56 13312 ) (-320 56 8072 ) (-224 56 7944 ) (-224 56 13312 ) 
4 17 104 (0 0 0 ) (0 0 13312 ) (-320 0 13312 ) (-320 0 0 ) 
4 17 18 (-320 0 8064 ) (-320 0 13312 ) (-320 56 13312 ) (-320 56 8064 ) 
4 18 107 (-320 0 8064 ) (-320 0 13312 ) (-323 0 13312 ) (-323 0 8064 ) 
4 18 29 (-323 346 8064 ) (-323 0 8064 ) (-323 0 8073 ) (-323 346 8073 ) 
4 18 28 (-323 0 8073 ) (-323 0 8198 ) (-323 346 8198 ) (-323 346 8073 ) 
4 18 26 (-323 1015 8064 ) (-323 634 8064 ) (-323 634 8074 ) (-323 1015 8074 ) 
4 18 25 (-323 634 8074 ) (-323 634 8198 ) (-323 1015 8198 ) (-323 1015 8074 ) 
4 18 27 (-323 634 8064 ) (-323 346 8064 ) (-323 346 8198 ) (-323 634 8198 ) 
4 18 24 (-323 0 8198 ) (-323 0 8199 ) (-323 346 8199 ) (-323 346 8198 ) 
4 18 23 (-323 0 8199 ) (-323 0 13312 ) (-323 346 13312 ) (-323 346 8199 ) 
4 18 21 (-323 1015 8326 ) (-323 1015 8198 ) (-323 759 8198 ) (-323 759 8326 ) 
4 18 20 (-323 759 13312 ) (-323 1015 13312 ) (-323 1015 8326 ) (-323 759 8326 ) 
4 18 22 (-323 346 13312 ) (-323 759 13312 ) (-323 759 8198 ) (-323 346 8198 ) 
4 18 19 (-323 1024 8064 ) (-323 1015 8064 ) (-323 1015 13312 ) (-323 1024 13312 ) 
4 19 30 (-324 1024 8064 ) (-324 1015 8064 ) (-324 1015 13312 ) (-324 1024 13312 ) 
4 19 26 (-324 1015 8074 ) (-324 1015 8064 ) (-323 1015 8064 ) (-323 1015 8074 ) 
4 19 25 (-324 1015 8198 ) (-324 1015 8074 ) (-323 1015 8074 ) (-323 1015 8198 ) 
4 19 21 (-324 1015 8326 ) (-324 1015 8198 ) (-323 1015 8198 ) (-323 1015 8326 ) 
4 19 20 (-324 1015 13312 ) (-324 1015 8326 ) (-323 1015 8326 ) (-323 1015 13312 ) 
4 20 30 (-324 759 13312 ) (-324 1015 13312 ) (-324 1015 8326 ) (-324 759 8326 ) 
4 20 22 (-324 759 13312 ) (-324 759 8326 ) (-323 759 8326 ) (-323 759 13312 ) 
4 20 21 (-323 759 8326 ) (-324 759 8326 ) (-324 1015 8326 ) (-323 1015 8326 ) 
4 21 30 (-324 1015 8326 ) (-324 1015 8198 ) (-324 759 8198 ) (-324 759 8326 ) 
4 21 25 (-324 759 8198 ) (-324 1015 8198 ) (-323 1015 8198 ) (-323 759 8198 ) 
4 21 22 (-324 759 8326 ) (-324 759 8198 ) (-323 759 8198 ) (-323 759 8326 ) 
4 22 30 (-324 346 13312 ) (-324 759 13312 ) (-324 759 8198 ) (-324 346 8198 ) 
4 22 25 (-324 634 8198 ) (-324 759 8198 ) (-323 759 8198 ) (-323 634 8198 ) 
4 22 27 (-324 346 8198 ) (-324 634 8198 ) (-323 634 8198 ) (-323 346 8198 ) 
4 22 24 (-324 346 8199 ) (-324 346 8198 ) (-323 346 8198 ) (-323 346 8199 ) 
4 22 23 (-324 346 13312 ) (-324 346 8199 ) (-323 346 8199 ) (-323 346 13312 ) 
4 23 108 (-323 0 13312 ) (-324 0 13312 ) (-324 0 8199 ) (-323 0 8199 ) 
4 23 30 (-324 0 8199 ) (-324 0 13312 ) (-324 346 13312 ) (-324 346 8199 ) 
4 23 24 (-324 0 8199 ) (-324 346 8199 ) (-323 346 8199 ) (-323 0 8199 ) 
4 24 109 (-324 0 8199 ) (-324 0 8198 ) (-323 0 8198 ) (-323 0 8199 ) 
4 24 30 (-324 0 8198 ) (-324 0 8199 ) (-324 346 8199 ) (-324 346 8198 ) 
4 24 28 (-324 0 8198 ) (-324 346 8198 ) (-323 346 8198 ) (-323 0 8198 ) 
4 25 30 (-324 634 8074 ) (-324 634 8198 ) (-324 1015 8198 ) (-324 1015 8074 ) 
4 25 27 (-323 634 8074 ) (-323 634 8198 ) (-324 634 8198 ) (-324 634 8074 ) 
4 25 26 (-323 634 8074 ) (-324 634 8074 ) (-324 1015 8074 ) (-323 1015 8074 ) 
4 26 30 (-324 1015 8064 ) (-324 634 8064 ) (-324 634 8074 ) (-324 1015 8074 ) 
4 26 27 (-323 634 8064 ) (-323 634 8074 ) (-324 634 8074 ) (-324 634 8064 ) 
4 27 30 (-324 634 8064 ) (-324 346 8064 ) (-324 346 8198 ) (-324 634 8198 ) 
4 27 29 (-323 346 8064 ) (-323 346 8073 ) (-324 346 8073 ) (-324 346 8064 ) 
4 27 28 (-323 346 8073 ) (-323 346 8198 ) (-324 346 8198 ) (-324 346 8073 ) 
4 28 113 (-324 0 8198 ) (-324 0 8073 ) (-323 0 8073 ) (-323 0 8198 ) 
4 28 30 (-324 0 8073 ) (-324 0 8198 ) (-324 346 8198 ) (-324 346 8073 ) 
4 28 29 (-324 0 8073 ) (-324 346 8073 ) (-323 346 8073 ) (-323 0 8073 ) 
4 29 114 (-324 0 8073 ) (-324 0 8064 ) (-323 0 8064 ) (-323 0 8073 ) 
4 29 30 (-324 346 8064 ) (-324 0 8064 ) (-324 0 8073 ) (-324 346 8073 ) 
4 30 118 (-324 0 13312 ) (-327 0 13312 ) (-327 0 8064 ) (-324 0 8064 ) 
4 30 33 (-327 1020 8074 ) (-327 1020 8326 ) (-327 1021 8326 ) (-327 1021 8074 ) 
4 30 32 (-327 1020 8326 ) (-327 1020 13312 ) (-327 1021 13312 ) (-327 1021 8326 ) 
4 30 34 (-327 1021 8064 ) (-327 1020 8064 ) (-327 1020 8074 ) (-327 1021 8074 ) 
4 30 31 (-327 1024 8064 ) (-327 1021 8064 ) (-327 1021 13312 ) (-327 1024 13312 ) 
4 30 35 (-327 1020 8064 ) (-327 0 8064 ) (-327 0 13312 ) (-327 1020 13312 ) 
4 31 36 (-328 1021 13312 ) (-328 1024 13312 ) (-328 1024 8064 ) (-328 1021 8064 ) 
4 31 33 (-327 1021 8074 ) (-327 1021 8326 ) (-328 1021 8326 ) (-328 1021 8074 ) 
4 31 32 (-327 1021 8326 ) (-327 1021 13312 ) (-328 1021 13312 ) (-328 1021 8326 ) 
4 31 34 (-328 1021 8064 ) (-327 1021 8064 ) (-327 1021 8074 ) (-328 1021 8074 ) 
4 32 37 (-328 1020 13312 ) (-328 1021 13312 ) (-328 1021 8326 ) (-328 1020 8326 ) 
4 32 35 (-327 1020 8326 ) (-327 1020 13312 ) (-328 1020 13312 ) (-328 1020 8326 ) 
4 32 33 (-327 1020 8326 ) (-328 1020 8326 ) (-328 1021 8326 ) (-327 1021 8326 ) 
4 33 38 (-328 1021 8326 ) (-328 1021 8074 ) (-328 1020 8074 ) (-328 1020 8326 ) 
4 33 34 (-327 1020 8074 ) (-328 1020 8074 ) (-328 1021 8074 ) (-327 1021 8074 ) 
4 33 35 (-327 1020 8074 ) (-327 1020 8326 ) (-328 1020 8326 ) (-328 1020 8074 ) 
4 34 39 (-328 1021 8074 ) (-328 1021 8064 ) (-328 1020 8064 ) (-328 1020 8074 ) 
4 34 35 (-328 1020 8064 ) (-327 1020 8064 ) (-327 1020 8074 ) (-328 1020 8074 ) 
4 35 118 (-327 0 13312 ) (-328 0 13312 ) (-328 0 8064 ) (-327 0 8064 ) 
4 35 48 (-328 0 8064 ) (-328 0 13312 ) (-328 56 13312 ) (-328 56 8064 ) 
4 35 41 (-328 824 13312 ) (-328 1016 13312 ) (-328 1016 8064 ) (-328 824 8064 ) 
4 35 47 (-328 56 13312 ) (-328 824 13312 ) (-328 824 8064 ) (-328 56 8064 ) 
4 35 40 (-328 1016 13312 ) (-328 1020 13312 ) (-328 1020 8064 ) (-328 1016 8064 ) 
4 36 54 (-1024 1024 13312 ) (-1024 1024 8064 ) (-1024 1021 8064 ) (-1024 1021 13312 ) 
4 36 38 (-328 1021 8074 ) (-328 1021 8326 ) (-1024 1021 8326 ) (-1024 1021 8074 ) 
4 36 37 (-328 1021 8326 ) (-328 1021 13312 ) (-1024 1021 13312 ) (-1024 1021 8326 ) 
4 36 39 (-1024 1021 8064 ) (-328 1021 8064 ) (-328 1021 8074 ) (-1024 1021 8074 ) 
4 37 55 (-1024 1020 8326 ) (-1024 1020 13312 ) (-1024 1021 13312 ) (-1024 1021 8326 ) 
4 37 40 (-328 1020 8326 ) (-328 1020 13312 ) (-1024 1020 13312 ) (-1024 1020 8326 ) 
4 37 38 (-328 1020 8326 ) (-1024 1020 8326 ) (-1024 1021 8326 ) (-328 1021 8326 ) 
4 38 56 (-1024 1020 8074 ) (-1024 1020 8326 ) (-1024 1021 8326 ) (-1024 1021 8074 ) 
4 38 39 (-328 1020 8074 ) (-1024 1020 8074 ) (-1024 1021 8074 ) (-328 1021 8074 ) 
4 38 40 (-328 1020 8074 ) (-328 1020 8326 ) (-1024 1020 8326 ) (-1024 1020 8074 ) 
4 39 57 (-1024 1021 8064 ) (-1024 1020 8064 ) (-1024 1020 8074 ) (-1024 1021 8074 ) 
4 39 40 (-1024 1020 8064 ) (-328 1020 8064 ) (-328 1020 8074 ) (-1024 1020 8074 ) 
4 40 58 (-1024 1020 8064 ) (-1024 1016 8064 ) (-1024 1016 13312 ) (-1024 1020 13312 ) 
4 40 41 (-1024 1016 13312 ) (-1024 1016 8064 ) (-328 1016 8064 ) (-328 1016 13312 ) 
4 41 59 (-1024 824 13312 ) (-1024 1016 13312 ) (-1024 1016 8059 ) (-1024 824 8059 ) 
4 41 45 (-904 824 8059 ) (-1024 824 8059 ) (-1024 1016 8059 ) (-904 1016 8059 ) 
4 41 44 (-712 824 8059 ) (-904 824 8059 ) (-904 1016 8059 ) (-712 1016 8059 ) 
4 41 43 (-520 824 8059 ) (-712 824 8059 ) (-712 1016 8059 ) (-520 1016 8059 ) 
4 41 42 (-328 824 8059 ) (-520 824 8059 ) (-520 1016 8059 ) (-328 1016 8059 ) 
4 41 47 (-328 824 8059 ) (-328 824 13312 ) (-1024 824 13312 ) (-1024 824 8059 ) 
4 42 46 (-328 824 8058 ) (-520 824 8058 ) (-520 1016 8058 ) (-328 1016 8058 ) 
4 42 47 (-328 824 8058 ) (-328 824 8059 ) (-520 824 8059 ) (-520 824 8058 ) 
4 42 43 (-520 1016 8058 ) (-520 824 8058 ) (-520 824 8059 ) (-520 1016 8059 ) 
4 43 44 (-712 1016 8058 ) (-712 824 8058 ) (-712 824 8059 ) (-712 1016 8059 ) 
4 43 46 (-520 824 8058 ) (-712 824 8058 ) (-712 1016 8058 ) (-520 1016 8058 ) 
4 43 47 (-520 824 8059 ) (-712 824 8059 ) (-712 824 8058 ) (-520 824 8058 ) 
4 44 46 (-712 824 8058 ) (-904 824 8058 ) (-904 1016 8058 ) (-712 1016 8058 ) 
4 44 47 (-712 824 8059 ) (-904 824 8059 ) (-904 824 8058 ) (-712 824 8058 ) 
4 44 45 (-904 1016 8058 ) (-904 824 8058 ) (-904 824 8059 ) (-904 1016 8059 ) 
4 45 60 (-1024 1016 8059 ) (-1024 1016 8058 ) (-1024 824 8058 ) (-1024 824 8059 ) 
4 45 46 (-904 824 8058 ) (-1024 824 8058 ) (-1024 1016 8058 ) (-904 1016 8058 ) 
4 45 47 (-904 824 8059 ) (-1024 824 8059 ) (-1024 824 8058 ) (-904 824 8058 ) 
4 46 64 (-1024 1016 8058 ) (-1024 1016 32 ) (-1024 824 32 ) (-1024 824 8058 ) 
4 46 47 (-1024 824 32 ) (-328 824 32 ) (-328 824 8058 ) (-1024 824 8058 ) 
4 47 65 (-1024 56 13312 ) (-1024 824 13312 ) (-1024 824 32 ) (-1024 56 32 ) 
4 47 52 (-904 56 8055 ) (-1024 56 8055 ) (-1024 56 8054 ) (-904 56 8054 ) 
4 47 51 (-712 56 8055 ) (-904 56 8055 ) (-904 56 8054 ) (-712 56 8054 ) 
4 47 50 (-520 56 8055 ) (-712 56 8055 ) (-712 56 8054 ) (-520 56 8054 ) 
4 47 49 (-328 56 8054 ) (-328 56 8055 ) (-520 56 8055 ) (-520 56 8054 ) 
4 47 48 (-328 56 8055 ) (-328 56 13312 ) (-1024 56 13312 ) (-1024 56 8055 ) 
4 47 53 (-1024 56 32 ) (-328 56 32 ) (-328 56 8054 ) (-1024 56 8054 ) 
4 48 119 (-328 0 8055 ) (-328 0 13312 ) (-1024 0 13312 ) (-1024 0 8055 ) 
4 48 66 (-1024 0 8055 ) (-1024 0 13312 ) (-1024 56 13312 ) (-1024 56 8055 ) 
4 48 52 (-1024 56 8055 ) (-904 56 8055 ) (-904 0 8055 ) (-1024 0 8055 ) 
4 48 51 (-904 56 8055 ) (-712 56 8055 ) (-712 0 8055 ) (-904 0 8055 ) 
4 48 50 (-712 56 8055 ) (-520 56 8055 ) (-520 0 8055 ) (-712 0 8055 ) 
4 48 49 (-520 56 8055 ) (-328 56 8055 ) (-328 0 8055 ) (-520 0 8055 ) 
4 49 120 (-328 0 8054 ) (-328 0 8055 ) (-520 0 8055 ) (-520 0 8054 ) 
4 49 53 (-520 56 8054 ) (-328 56 8054 ) (-328 0 8054 ) (-520 0 8054 ) 
4 49 50 (-520 56 8054 ) (-520 0 8054 ) (-520 0 8055 ) (-520 56 8055 ) 
4 50 121 (-520 0 8055 ) (-712 0 8055 ) (-712 0 8054 ) (-520 0 8054 ) 
4 50 51 (-712 56 8054 ) (-712 0 8054 ) (-712 0 8055 ) (-712 56 8055 ) 
4 50 53 (-712 56 8054 ) (-520 56 8054 ) (-520 0 8054 ) (-712 0 8054 ) 
4 51 122 (-712 0 8055 ) (-904 0 8055 ) (-904 0 8054 ) (-712 0 8054 ) 
4 51 53 (-904 56 8054 ) (-712 56 8054 ) (-712 0 8054 ) (-904 0 8054 ) 
4 51 52 (-904 56 8054 ) (-904 0 8054 ) (-904 0 8055 ) (-904 56 8055 ) 
4 52 123 (-904 0 8055 ) (-1024 0 8055 ) (-1024 0 8054 ) (-904 0 8054 ) 
4 52 67 (-1024 0 8054 ) (-1024 0 8055 ) (-1024 56 8055 ) (-1024 56 8054 ) 
4 52 53 (-1024 0 8054 ) (-1024 56 8054 ) (-904 56 8054 ) (-904 0 8054 ) 
4 53 124 (-328 0 32 ) (-328 0 8054 ) (-1024 0 8054 ) (-1024 0 32 ) 
4 53 71 (-1024 0 32 ) (-1024 0 8054 ) (-1024 56 8054 ) (-1024 56 32 ) 
4 54 72 (-1672 1021 13312 ) (-1672 1024 13312 ) (-1672 1024 8064 ) (-1672 1021 8064 ) 
4 54 56 (-1024 1021 8074 ) (-1024 1021 8326 ) (-1672 1021 8326 ) (-1672 1021 8074 ) 
4 54 55 (-1024 1021 8326 ) (-1024 1021 13312 ) (-1672 1021 13312 ) (-1672 1021 8326 ) 
4 54 57 (-1672 1021 8064 ) (-1024 1021 8064 ) (-1024 1021 8074 ) (-1672 1021 8074 ) 
4 55 73 (-1672 1020 13312 ) (-1672 1021 13312 ) (-1672 1021 8326 ) (-1672 1020 8326 ) 
4 55 58 (-1024 1020 8326 ) (-1024 1020 13312 ) (-1672 1020 13312 ) (-1672 1020 8326 ) 
4 55 56 (-1024 1020 8326 ) (-1672 1020 8326 ) (-1672 1021 8326 ) (-1024 1021 8326 ) 
4 56 74 (-1672 1021 8326 ) (-1672 1021 8074 ) (-1672 1020 8074 ) (-1672 1020 8326 ) 
4 56 57 (-1024 1020 8074 ) (-1672 1020 8074 ) (-1672 1021 8074 ) (-1024 1021 8074 ) 
4 56 58 (-1024 1020 8074 ) (-1024 1020 8326 ) (-1672 1020 8326 ) (-1672 1020 8074 ) 
4 57 75 (-1672 1021 8074 ) (-1672 1021 8064 ) (-1672 1020 8064 ) (-1672 1020 8074 ) 
4 57 58 (-1672 1020 8064 ) (-1024 1020 8064 ) (-1024 1020 8074 ) (-1672 1020 8074 ) 
4 58 76 (-1672 1016 8064 ) (-1672 1016 13312 ) (-1672 1020 13312 ) (-1672 1020 8064 ) 
4 58 59 (-1672 1016 13312 ) (-1672 1016 8064 ) (-1024 1016 8064 ) (-1024 1016 13312 ) 
4 59 82 (-1672 1016 8198 ) (-1672 1016 8064 ) (-1672 824 8064 ) (-1672 824 8198 ) 
4 59 78 (-1672 824 13312 ) (-1672 1016 13312 ) (-1672 1016 8198 ) (-1672 824 8198 ) 
4 59 63 (-1480 824 8059 ) (-1672 824 8059 ) (-1672 1016 8059 ) (-1480 1016 8059 ) 
4 59 62 (-1288 824 8059 ) (-1480 824 8059 ) (-1480 1016 8059 ) (-1288 1016 8059 ) 
4 59 61 (-1096 824 8059 ) (-1288 824 8059 ) (-1288 1016 8059 ) (-1096 1016 8059 ) 
4 59 60 (-1024 824 8059 ) (-1096 824 8059 ) (-1096 1016 8059 ) (-1024 1016 8059 ) 
4 59 65 (-1024 824 8059 ) (-1024 824 13312 ) (-1672 824 13312 ) (-1672 824 8059 ) 
4 60 64 (-1024 824 8058 ) (-1096 824 8058 ) (-1096 1016 8058 ) (-1024 1016 8058 ) 
4 60 65 (-1024 824 8058 ) (-1024 824 8059 ) (-1096 824 8059 ) (-1096 824 8058 ) 
4 60 61 (-1096 1016 8058 ) (-1096 824 8058 ) (-1096 824 8059 ) (-1096 1016 8059 ) 
4 61 62 (-1288 1016 8058 ) (-1288 824 8058 ) (-1288 824 8059 ) (-1288 1016 8059 ) 
4 61 64 (-1096 824 8058 ) (-1288 824 8058 ) (-1288 1016 8058 ) (-1096 1016 8058 ) 
4 61 65 (-1096 824 8059 ) (-1288 824 8059 ) (-1288 824 8058 ) (-1096 824 8058 ) 
4 62 64 (-1288 824 8058 ) (-1480 824 8058 ) (-1480 1016 8058 ) (-1288 1016 8058 ) 
4 62 65 (-1288 824 8059 ) (-1480 824 8059 ) (-1480 824 8058 ) (-1288 824 8058 ) 
4 62 63 (-1480 1016 8058 ) (-1480 824 8058 ) (-1480 824 8059 ) (-1480 1016 8059 ) 
4 63 64 (-1480 824 8058 ) (-1672 824 8058 ) (-1672 1016 8058 ) (-1480 1016 8058 ) 
4 63 65 (-1480 824 8059 ) (-1672 824 8059 ) (-1672 824 8058 ) (-1480 824 8058 ) 
4 64 65 (-1672 824 32 ) (-1024 824 32 ) (-1024 824 8058 ) (-1672 824 8058 ) 
4 65 86 (-1672 56 13312 ) (-1672 343 13312 ) (-1672 343 8064 ) (-1672 56 8064 ) 
4 65 82 (-1672 824 8198 ) (-1672 824 8064 ) (-1672 343 8064 ) (-1672 343 8198 ) 
4 65 78 (-1672 343 13312 ) (-1672 824 13312 ) (-1672 824 8198 ) (-1672 343 8198 ) 
4 65 70 (-1480 56 8055 ) (-1672 56 8055 ) (-1672 56 8054 ) (-1480 56 8054 ) 
4 65 69 (-1288 56 8055 ) (-1480 56 8055 ) (-1480 56 8054 ) (-1288 56 8054 ) 
4 65 68 (-1096 56 8055 ) (-1288 56 8055 ) (-1288 56 8054 ) (-1096 56 8054 ) 
4 65 67 (-1024 56 8054 ) (-1024 56 8055 ) (-1096 56 8055 ) (-1096 56 8054 ) 
4 65 66 (-1024 56 8055 ) (-1024 56 13312 ) (-1672 56 13312 ) (-1672 56 8055 ) 
4 65 71 (-1672 56 32 ) (-1024 56 32 ) (-1024 56 8054 ) (-1672 56 8054 ) 
4 66 132 (-1024 0 8055 ) (-1024 0 13312 ) (-1672 0 13312 ) (-1672 0 8055 ) 
4 66 86 (-1672 0 8064 ) (-1672 0 13312 ) (-1672 56 13312 ) (-1672 56 8064 ) 
4 66 70 (-1672 0 8055 ) (-1672 56 8055 ) (-1480 56 8055 ) (-1480 0 8055 ) 
4 66 69 (-1480 56 8055 ) (-1288 56 8055 ) (-1288 0 8055 ) (-1480 0 8055 ) 
4 66 68 (-1288 56 8055 ) (-1096 56 8055 ) (-1096 0 8055 ) (-1288 0 8055 ) 
4 66 67 (-1096 56 8055 ) (-1024 56 8055 ) (-1024 0 8055 ) (-1096 0 8055 ) 
4 67 133 (-1024 0 8054 ) (-1024 0 8055 ) (-1096 0 8055 ) (-1096 0 8054 ) 
4 67 71 (-1024 0 8054 ) (-1096 0 8054 ) (-1096 56 8054 ) (-1024 56 8054 ) 
4 67 68 (-1096 56 8054 ) (-1096 0 8054 ) (-1096 0 8055 ) (-1096 56 8055 ) 
4 68 134 (-1096 0 8055 ) (-1288 0 8055 ) (-1288 0 8054 ) (-1096 0 8054 ) 
4 68 69 (-1288 56 8054 ) (-1288 0 8054 ) (-1288 0 8055 ) (-1288 56 8055 ) 
4 68 71 (-1096 0 8054 ) (-1288 0 8054 ) (-1288 56 8054 ) (-1096 56 8054 ) 
4 69 135 (-1288 0 8055 ) (-1480 0 8055 ) (-1480 0 8054 ) (-1288 0 8054 ) 
4 69 71 (-1288 0 8054 ) (-1480 0 8054 ) (-1480 56 8054 ) (-1288 56 8054 ) 
4 69 70 (-1480 56 8054 ) (-1480 0 8054 ) (-1480 0 8055 ) (-1480 56 8055 ) 
4 70 136 (-1480 0 8055 ) (-1672 0 8055 ) (-1672 0 8054 ) (-1480 0 8054 ) 
4 70 71 (-1480 0 8054 ) (-1672 0 8054 ) (-1672 56 8054 ) (-1480 56 8054 ) 
4 71 137 (-1024 0 32 ) (-1024 0 8054 ) (-1672 0 8054 ) (-1672 0 32 ) 
4 72 74 (-1673 1021 8326 ) (-1673 1021 8074 ) (-1672 1021 8074 ) (-1672 1021 8326 ) 
4 72 73 (-1673 1021 13312 ) (-1673 1021 8326 ) (-1672 1021 8326 ) (-1672 1021 13312 ) 
4 72 75 (-1673 1021 8074 ) (-1673 1021 8064 ) (-1672 1021 8064 ) (-1672 1021 8074 ) 
4 72 77 (-1673 1024 8064 ) (-1673 1021 8064 ) (-1673 1021 13312 ) (-1673 1024 13312 ) 
4 73 76 (-1673 1020 13312 ) (-1673 1020 8326 ) (-1672 1020 8326 ) (-1672 1020 13312 ) 
4 73 77 (-1673 1020 8326 ) (-1673 1020 13312 ) (-1673 1021 13312 ) (-1673 1021 8326 ) 
4 73 74 (-1672 1020 8326 ) (-1673 1020 8326 ) (-1673 1021 8326 ) (-1672 1021 8326 ) 
4 74 75 (-1672 1020 8074 ) (-1673 1020 8074 ) (-1673 1021 8074 ) (-1672 1021 8074 ) 
4 74 76 (-1673 1020 8326 ) (-1673 1020 8074 ) (-1672 1020 8074 ) (-1672 1020 8326 ) 
4 74 77 (-1673 1020 8074 ) (-1673 1020 8326 ) (-1673 1021 8326 ) (-1673 1021 8074 ) 
4 75 77 (-1673 1021 8064 ) (-1673 1020 8064 ) (-1673 1020 8074 ) (-1673 1021 8074 ) 
4 75 76 (-1673 1020 8074 ) (-1673 1020 8064 ) (-1672 1020 8064 ) (-1672 1020 8074 ) 
4 76 82 (-1673 1016 8064 ) (-1672 1016 8064 ) (-1672 1016 8198 ) (-1673 1016 8198 ) 
4 76 78 (-1672 1016 8198 ) (-1672 1016 13312 ) (-1673 1016 13312 ) (-1673 1016 8198 ) 
4 76 77 (-1673 1020 8064 ) (-1673 1016 8064 ) (-1673 1016 13312 ) (-1673 1020 13312 ) 
4 77 84 (-1677 1016 8074 ) (-1677 1016 8064 ) (-1676 1016 8064 ) (-1676 1016 8074 ) 
4 77 83 (-1677 1016 8198 ) (-1677 1016 8074 ) (-1676 1016 8074 ) (-1676 1016 8198 ) 
4 77 82 (-1676 1016 8064 ) (-1673 1016 8064 ) (-1673 1016 8198 ) (-1676 1016 8198 ) 
4 77 80 (-1677 1016 8326 ) (-1677 1016 8198 ) (-1676 1016 8198 ) (-1676 1016 8326 ) 
4 77 79 (-1677 1016 13312 ) (-1677 1016 8326 ) (-1676 1016 8326 ) (-1676 1016 13312 ) 
4 77 78 (-1676 1016 8198 ) (-1673 1016 8198 ) (-1673 1016 13312 ) (-1676 1016 13312 ) 
4 77 90 (-1677 1024 8064 ) (-1677 1016 8064 ) (-1677 1016 13312 ) (-1677 1024 13312 ) 
4 78 86 (-1676 343 8198 ) (-1672 343 8198 ) (-1672 343 13312 ) (-1676 343 13312 ) 
4 78 82 (-1672 343 8198 ) (-1676 343 8198 ) (-1676 1016 8198 ) (-1672 1016 8198 ) 
4 78 80 (-1676 1016 8326 ) (-1676 1016 8198 ) (-1676 760 8198 ) (-1676 760 8326 ) 
4 78 79 (-1676 1016 13312 ) (-1676 1016 8326 ) (-1676 760 8326 ) (-1676 760 13312 ) 
4 78 81 (-1676 760 8198 ) (-1676 343 8198 ) (-1676 343 13312 ) (-1676 760 13312 ) 
4 79 81 (-1677 760 13312 ) (-1677 760 8326 ) (-1676 760 8326 ) (-1676 760 13312 ) 
4 79 90 (-1677 760 13312 ) (-1677 1016 13312 ) (-1677 1016 8326 ) (-1677 760 8326 ) 
4 79 80 (-1676 760 8326 ) (-1677 760 8326 ) (-1677 1016 8326 ) (-1676 1016 8326 ) 
4 80 83 (-1677 760 8198 ) (-1677 1016 8198 ) (-1676 1016 8198 ) (-1676 760 8198 ) 
4 80 81 (-1677 760 8326 ) (-1677 760 8198 ) (-1676 760 8198 ) (-1676 760 8326 ) 
4 80 90 (-1677 1016 8326 ) (-1677 1016 8198 ) (-1677 760 8198 ) (-1677 760 8326 ) 
4 81 88 (-1677 343 8199 ) (-1677 343 8198 ) (-1676 343 8198 ) (-1676 343 8199 ) 
4 81 87 (-1677 343 13312 ) (-1677 343 8199 ) (-1676 343 8199 ) (-1676 343 13312 ) 
4 81 83 (-1677 637 8198 ) (-1677 760 8198 ) (-1676 760 8198 ) (-1676 637 8198 ) 
4 81 85 (-1676 343 8198 ) (-1677 343 8198 ) (-1677 637 8198 ) (-1676 637 8198 ) 
4 81 90 (-1677 343 8198 ) (-1677 343 13312 ) (-1677 760 13312 ) (-1677 760 8198 ) 
4 82 86 (-1676 343 8064 ) (-1672 343 8064 ) (-1672 343 8198 ) (-1676 343 8198 ) 
4 82 84 (-1676 1016 8074 ) (-1676 1016 8064 ) (-1676 637 8064 ) (-1676 637 8074 ) 
4 82 83 (-1676 637 8198 ) (-1676 1016 8198 ) (-1676 1016 8074 ) (-1676 637 8074 ) 
4 82 85 (-1676 343 8064 ) (-1676 343 8198 ) (-1676 637 8198 ) (-1676 637 8064 ) 
4 83 85 (-1676 637 8074 ) (-1676 637 8198 ) (-1677 637 8198 ) (-1677 637 8074 ) 
4 83 90 (-1677 637 8074 ) (-1677 637 8198 ) (-1677 1016 8198 ) (-1677 1016 8074 ) 
4 83 84 (-1676 637 8074 ) (-1677 637 8074 ) (-1677 1016 8074 ) (-1676 1016 8074 ) 
4 84 85 (-1676 637 8064 ) (-1676 637 8074 ) (-1677 637 8074 ) (-1677 637 8064 ) 
4 84 90 (-1677 1016 8064 ) (-1677 637 8064 ) (-1677 637 8074 ) (-1677 1016 8074 ) 
4 85 88 (-1677 343 8198 ) (-1677 343 8073 ) (-1676 343 8073 ) (-1676 343 8198 ) 
4 85 89 (-1677 343 8073 ) (-1677 343 8064 ) (-1676 343 8064 ) (-1676 343 8073 ) 
4 85 90 (-1677 637 8064 ) (-1677 343 8064 ) (-1677 343 8198 ) (-1677 637 8198 ) 
4 86 145 (-1672 0 8064 ) (-1672 0 13312 ) (-1675.989990 0 13312 ) (-1675.989990 0 8064 ) 
4 86 88 (-1675.989990 343 8199 ) (-1675.989990 343 8073 ) (-1675.989990 0 8073 ) (-1675.989990 0 8199 ) 
4 86 87 (-1675.989990 343 13312 ) (-1675.989990 343 8199 ) (-1675.989990 0 8199 ) (-1675.989990 0 13312 ) 
4 86 89 (-1675.989990 343 8073 ) (-1675.989990 343 8064 ) (-1675.989990 0 8064 ) (-1675.989990 0 8073 ) 
4 87 146 (-1675.989990 0 13312 ) (-1677 0 13312 ) (-1677 0 8199 ) (-1675.989990 0 8199 ) 
4 87 90 (-1677 0 8199 ) (-1677 0 13312 ) (-1677 343 13312 ) (-1677 343 8199 ) 
4 87 88 (-1677 0 8199 ) (-1677 343 8199 ) (-1675.989990 343 8199 ) (-1675.989990 0 8199 ) 
4 88 147 (-1677 0 8199 ) (-1677 0 8073 ) (-1675.989990 0 8073 ) (-1675.989990 0 8199 ) 
4 88 89 (-1677 0 8073 ) (-1677 343 8073 ) (-1675.989990 343 8073 ) (-1675.989990 0 8073 ) 
4 88 90 (-1677 0 8073 ) (-1677 0 8199 ) (-1677 343 8199 ) (-1677 343 8073 ) 
4 89 148 (-1677 0 8073 ) (-1677 0 8064 ) (-1675.989990 0 8064 ) (-1675.989990 0 8073 ) 
4 89 90 (-1677 343 8064 ) (-1677 0 8064 ) (-1677 0 8073 ) (-1677 343 8073 ) 
4 90 157 (-1677 0 13312 ) (-1680 0 13312 ) (-1680 0 8064 ) (-1677 0 8064 ) 
4 90 93 (-1680 56 8064 ) (-1680 0 8064 ) (-1680 0 13312 ) (-1680 56 13312 ) 
4 90 91 (-1680 1024 13312 ) (-1680 1024 8072 ) (-1680 56 8072 ) (-1680 56 13312 ) 
4 91 93 (-1680 56 8072 ) (-1680 56 13312 ) (-1776 56 13312 ) (-1776 56 7944 ) 
4 91 92 (-1776 56 7944 ) (-1776 56 13312 ) (-1776 1024 13312 ) (-1776 1024 7944 ) 
4 92 97 (-2048 56 0 ) (-2048 56 13312 ) (-2048 1024 13312 ) (-2048 1024 0 ) 
4 92 93 (-2048 56 13312 ) (-2048 56 0 ) (-1776 56 0 ) (-1776 56 13312 ) 
4 93 158 (-1680 0 0 ) (-1680 0 13312 ) (-2048 0 13312 ) (-2048 0 0 ) 
4 93 97 (-2048 0 0 ) (-2048 0 13312 ) (-2048 56 13312 ) (-2048 56 0 ) 
4 94 96 (-2048 2048 0 ) (-2048 2048 13312 ) (-3072 2048 13312 ) (-3072 2048 0 ) 
4 94 95 (-3072 2048 0 ) (-3072 2048 13312 ) (-3072 2560 13312 ) (-3072 2560 0 ) 
4 95 98 (-3072 2048 0 ) (-3072 2048 13312 ) (-3584 2048 13312 ) (-3584 2048 0 ) 
4 96 98 (-3072 2048 13312 ) (-3072 2048 0 ) (-3072 1024 0 ) (-3072 1024 13312 ) 
4 96 97 (-2048 1024 0 ) (-2048 1024 13312 ) (-3072 1024 13312 ) (-3072 1024 0 ) 
4 97 225 (-2048 0 0 ) (-2048 0 13312 ) (-3072 0 13312 ) (-3072 0 0 ) 
4 97 99 (-3072 0 0 ) (-3072 0 13312 ) (-3072 1024 13312 ) (-3072 1024 0 ) 
4 98 99 (-3072 1024 0 ) (-3072 1024 13312 ) (-3584 1024 13312 ) (-3584 1024 0 ) 
4 99 226 (-3072 0 0 ) (-3072 0 13312 ) (-3584 0 13312 ) (-3584 0 0 ) 
4 100 103 (1024 0 13312 ) (1024 0 0 ) (1024 -1024 0 ) (1024 -1024 13312 ) 
4 100 101 (1536 -1024 0 ) (1536 -1024 13312 ) (1024 -1024 13312 ) (1024 -1024 0 ) 
4 101 161 (1024 -2048 0 ) (1024 -2048 13312 ) (1024 -1024 13312 ) (1024 -1024 0 ) 
4 101 102 (1536 -2048 0 ) (1536 -2048 13312 ) (1024 -2048 13312 ) (1024 -2048 0 ) 
4 102 162 (1024 -2560 0 ) (1024 -2560 13312 ) (1024 -2048 13312 ) (1024 -2048 0 ) 
4 103 161 (1024 -1024 0 ) (1024 -1024 13312 ) (0 -1024 13312 ) (0 -1024 0 ) 
4 103 106 (0 -136 0 ) (0 -1024 0 ) (0 -1024 7645.335449 ) (0 -136 7645.336914 ) 
4 103 105 (0 -1024 7645.335449 ) (0 -1024 13312 ) (0 -136 13312 ) (0 -136 7645.336914 ) 
4 103 104 (0 0 13312 ) (0 0 0 ) (0 -136 0 ) (0 -136 13312 ) 
4 104 107 (-320 -136 8064 ) (-320 -136 13312 ) (-320 0 13312 ) (-320 0 8064 ) 
4 104 106 (-224 -136 0 ) (0 -136 0 ) (0 -136 7645.336914 ) (-224 -136 7944 ) 
4 104 105 (-320 -136 13312 ) (-320 -136 8072 ) (0 -136 7645.336914 ) (0 -136 13312 ) 
4 105 164 (-224 -1024 13312 ) (-320 -1024 13312 ) (-320 -1024 8071.997559 ) (-224 -1024 7944 ) 
4 105 163 (0 -1024 7645.335449 ) (0 -1024 13312 ) (-224 -1024 13312 ) (-224 -1024 7944 ) 
4 105 107 (-320 -1024 8071.997070 ) (-320 -1024 13312 ) (-320 -136 13312 ) (-320 -136 8072 ) 
4 105 106 (-224 -136 7944 ) (0 -136 7645.336914 ) (0 -1024 7645.335938 ) (-224 -1024 7944 ) 
4 106 163 (0 -1024 0 ) (0 -1024 7645.335449 ) (-224 -1024 7944 ) (-224 -1024 0 ) 
4 107 169 (-320 -1024 8064 ) (-320 -1024 8198 ) (-323 -1024 8198 ) (-323 -1024 8064 ) 
4 107 165 (-320 -1024 8198 ) (-320 -1024 13312 ) (-323 -1024 13312 ) (-323 -1024 8198 ) 
4 107 117 (-323 -717 8064 ) (-323 -1024 8064 ) (-323 -1024 8074 ) (-323 -717 8074 ) 
4 107 116 (-323 -1024 8074 ) (-323 -1024 8198 ) (-323 -717 8198 ) (-323 -717 8074 ) 
4 107 114 (-323 0 8064 ) (-323 -421.334045 8064 ) (-323 -421.334045 8073 ) (-323 0 8073 ) 
4 107 113 (-323 -421.334045 8073 ) (-323 -421.334045 8198 ) (-323 0 8198 ) (-323 0 8073 ) 
4 107 115 (-323 -421.334045 8064 ) (-323 -717 8064 ) (-323 -717 8198 ) (-323 -421.334045 8198 ) 
4 107 112 (-323 -1024 8198 ) (-323 -1024 8326 ) (-323 -840 8326 ) (-323 -840 8198 ) 
4 107 111 (-323 -1024 8326 ) (-323 -1024 13312 ) (-323 -840 13312 ) (-323 -840 8326 ) 
4 107 109 (-323 0 8199 ) (-323 0 8198 ) (-323 -421.334045 8198 ) (-323 -421.334045 8199 ) 
4 107 108 (-323 -421.334045 13312 ) (-323 0 13312 ) (-323 0 8199 ) (-323 -421.334045 8199 ) 
4 107 110 (-323 -840 13312 ) (-323 -421.334045 13312 ) (-323 -421.334045 8198 ) (-323 -840 8198 ) 
4 108 110 (-324 -421.334045 13312 ) (-324 -421.334045 8199 ) (-323 -421.334045 8199 ) (-323 -421.334045 13312 ) 
4 108 118 (-324 -421.334045 13312 ) (-324 0 13312 ) (-324 0 8199 ) (-324 -421.334045 8199 ) 
4 108 109 (-323 -421.334045 8199 ) (-324 -421.334045 8199 ) (-324 0 8199 ) (-323 0 8199 ) 
4 109 113 (-324 -421.334045 8198 ) (-324 0 8198 ) (-323 0 8198 ) (-323 -421.334045 8198 ) 
4 109 110 (-324 -421.334045 8199 ) (-324 -421.334045 8198 ) (-323 -421.334045 8198 ) (-323 -421.334045 8199 ) 
4 109 118 (-324 0 8199 ) (-324 0 8198 ) (-324 -421.334045 8198 ) (-324 -421.334045 8199 ) 
4 110 116 (-324 -840 8198 ) (-324 -717 8198 ) (-323 -717 8198 ) (-323 -840 8198 ) 
4 110 115 (-324 -717 8198 ) (-324 -421.334045 8198 ) (-323 -421.334045 8198 ) (-323 -717 8198 ) 
4 110 112 (-324 -840 8326 ) (-324 -840 8198 ) (-323 -840 8198 ) (-323 -840 8326 ) 
4 110 111 (-324 -840 13312 ) (-324 -840 8326 ) (-323 -840 8326 ) (-323 -840 13312 ) 
4 110 118 (-324 -840 13312 ) (-324 -421.334045 13312 ) (-324 -421.334045 8198 ) (-324 -840 8198 ) 
4 111 166 (-323 -1024 13312 ) (-324 -1024 13312 ) (-324 -1024 8326 ) (-323 -1024 8326 ) 
4 111 118 (-324 -1024 8326 ) (-324 -1024 13312 ) (-324 -840 13312 ) (-324 -840 8326 ) 
4 111 112 (-324 -1024 8326 ) (-324 -840 8326 ) (-323 -840 8326 ) (-323 -1024 8326 ) 
4 112 167 (-324 -1024 8326 ) (-324 -1024 8198 ) (-323 -1024 8198 ) (-323 -1024 8326 ) 
4 112 116 (-324 -1024 8198 ) (-324 -840 8198 ) (-323 -840 8198 ) (-323 -1024 8198 ) 
4 112 118 (-324 -1024 8198 ) (-324 -1024 8326 ) (-324 -840 8326 ) (-324 -840 8198 ) 
4 113 115 (-323 -421.334045 8073 ) (-323 -421.334045 8198 ) (-324 -421.334045 8198 ) (-324 -421.334045 8073 ) 
4 113 118 (-324 -421.334045 8073 ) (-324 -421.334045 8198 ) (-324 0 8198 ) (-324 0 8073 ) 
4 113 114 (-323 -421.334045 8073 ) (-324 -421.334045 8073 ) (-324 0 8073 ) (-323 0 8073 ) 
4 114 115 (-323 -421.334045 8064 ) (-323 -421.334045 8073 ) (-324 -421.334045 8073 ) (-324 -421.334045 8064 ) 
4 114 118 (-324 0 8064 ) (-324 -421.334045 8064 ) (-324 -421.334045 8073 ) (-324 0 8073 ) 
4 115 117 (-323 -717 8064 ) (-323 -717 8074 ) (-324 -717 8074 ) (-324 -717 8064 ) 
4 115 116 (-323 -717 8074 ) (-323 -717 8198 ) (-324 -717 8198 ) (-324 -717 8074 ) 
4 115 118 (-324 -421.334045 8064 ) (-324 -717 8064 ) (-324 -717 8198 ) (-324 -421.334045 8198 ) 
4 116 170 (-324 -1024 8198 ) (-324 -1024 8074 ) (-323 -1024 8074 ) (-323 -1024 8198 ) 
4 116 118 (-324 -1024 8074 ) (-324 -1024 8198 ) (-324 -717 8198 ) (-324 -717 8074 ) 
4 116 117 (-324 -1024 8074 ) (-324 -717 8074 ) (-323 -717 8074 ) (-323 -1024 8074 ) 
4 117 171 (-324 -1024 8074 ) (-324 -1024 8064 ) (-323 -1024 8064 ) (-323 -1024 8074 ) 
4 117 118 (-324 -717 8064 ) (-324 -1024 8064 ) (-324 -1024 8074 ) (-324 -717 8074 ) 
4 118 174 (-327 -1024 13312 ) (-328 -1024 13312 ) (-328 -1024 8064 ) (-327 -1024 8064 ) 
4 118 173 (-324 -1024 13312 ) (-327 -1024 13312 ) (-327 -1024 8064 ) (-324 -1024 8064 ) 
4 118 126 (-328 -904 8064 ) (-328 -1024 8064 ) (-328 -1024 13312 ) (-328 -904 13312 ) 
4 118 119 (-328 0 13312 ) (-328 0 8064 ) (-328 -136 8064 ) (-328 -136 13312 ) 
4 118 125 (-328 -136 8064 ) (-328 -904 8064 ) (-328 -904 13312 ) (-328 -136 13312 ) 
4 119 132 (-1024 -136 13312 ) (-1024 0 13312 ) (-1024 0 8055 ) (-1024 -136 8055 ) 
4 119 123 (-904 -136 8055 ) (-1024 -136 8055 ) (-1024 0 8055 ) (-904 0 8055 ) 
4 119 122 (-712 -136 8055 ) (-904 -136 8055 ) (-904 0 8055 ) (-712 0 8055 ) 
4 119 121 (-520 -136 8055 ) (-712 -136 8055 ) (-712 0 8055 ) (-520 0 8055 ) 
4 119 120 (-328 -136 8055 ) (-520 -136 8055 ) (-520 0 8055 ) (-328 0 8055 ) 
4 119 125 (-328 -136 8055 ) (-328 -136 13312 ) (-1024 -136 13312 ) (-1024 -136 8055 ) 
4 120 124 (-328 -136 8054 ) (-520 -136 8054 ) (-520 0 8054 ) (-328 0 8054 ) 
4 120 125 (-328 -136 8054 ) (-328 -136 8055 ) (-520 -136 8055 ) (-520 -136 8054 ) 
4 120 121 (-520 0 8054 ) (-520 -136 8054 ) (-520 -136 8055 ) (-520 0 8055 ) 
4 121 122 (-712 0 8054 ) (-712 -136 8054 ) (-712 -136 8055 ) (-712 0 8055 ) 
4 121 124 (-520 -136 8054 ) (-712 -136 8054 ) (-712 0 8054 ) (-520 0 8054 ) 
4 121 125 (-520 -136 8055 ) (-712 -136 8055 ) (-712 -136 8054 ) (-520 -136 8054 ) 
4 122 124 (-712 -136 8054 ) (-904 -136 8054 ) (-904 0 8054 ) (-712 0 8054 ) 
4 122 125 (-712 -136 8055 ) (-904 -136 8055 ) (-904 -136 8054 ) (-712 -136 8054 ) 
4 122 123 (-904 0 8054 ) (-904 -136 8054 ) (-904 -136 8055 ) (-904 0 8055 ) 
4 123 133 (-1024 0 8055 ) (-1024 0 8054 ) (-1024 -136 8054 ) (-1024 -136 8055 ) 
4 123 124 (-904 -136 8054 ) (-1024 -136 8054 ) (-1024 0 8054 ) (-904 0 8054 ) 
4 123 125 (-904 -136 8055 ) (-1024 -136 8055 ) (-1024 -136 8054 ) (-904 -136 8054 ) 
4 124 137 (-1024 0 8054 ) (-1024 0 32 ) (-1024 -136 32 ) (-1024 -136 8054 ) 
4 124 125 (-1024 -136 32 ) (-328 -136 32 ) (-328 -136 8054 ) (-1024 -136 8054 ) 
4 125 138 (-1024 -904 13312 ) (-1024 -136 13312 ) (-1024 -136 32 ) (-1024 -904 32 ) 
4 125 130 (-904 -904 8059 ) (-1024 -904 8059 ) (-1024 -904 8058 ) (-904 -904 8058 ) 
4 125 129 (-712 -904 8059 ) (-904 -904 8059 ) (-904 -904 8058 ) (-712 -904 8058 ) 
4 125 128 (-520 -904 8059 ) (-712 -904 8059 ) (-712 -904 8058 ) (-520 -904 8058 ) 
4 125 127 (-328 -904 8058 ) (-328 -904 8059 ) (-520 -904 8059 ) (-520 -904 8058 ) 
4 125 126 (-328 -904 8059 ) (-328 -904 13312 ) (-1024 -904 13312 ) (-1024 -904 8059 ) 
4 125 131 (-1024 -904 32 ) (-328 -904 32 ) (-328 -904 8058 ) (-1024 -904 8058 ) 
4 126 179 (-328 -1024 8059 ) (-328 -1024 13312 ) (-1024 -1024 13312 ) (-1024 -1024 8059 ) 
4 126 139 (-1024 -1024 8059 ) (-1024 -1024 13312 ) (-1024 -904 13312 ) (-1024 -904 8059 ) 
4 126 130 (-1024 -1024 8059 ) (-1024 -904 8059 ) (-904 -904 8059 ) (-904 -1024 8059 ) 
4 126 129 (-904 -904 8059 ) (-712 -904 8059 ) (-712 -1024 8059 ) (-904 -1024 8059 ) 
4 126 128 (-712 -904 8059 ) (-520 -904 8059 ) (-520 -1024 8059 ) (-712 -1024 8059 ) 
4 126 127 (-520 -904 8059 ) (-328 -904 8059 ) (-328 -1024 8059 ) (-520 -1024 8059 ) 
4 127 180 (-328 -1024 8058 ) (-328 -1024 8059 ) (-520 -1024 8059 ) (-520 -1024 8058 ) 
4 127 131 (-520 -904 8058 ) (-328 -904 8058 ) (-328 -1024 8058 ) (-520 -1024 8058 ) 
4 127 128 (-520 -904 8058 ) (-520 -1024 8058 ) (-520 -1024 8059 ) (-520 -904 8059 ) 
4 128 181 (-520 -1024 8059 ) (-712 -1024 8059 ) (-712 -1024 8058 ) (-520 -1024 8058 ) 
4 128 129 (-712 -904 8058 ) (-712 -1024 8058 ) (-712 -1024 8059 ) (-712 -904 8059 ) 
4 128 131 (-712 -904 8058 ) (-520 -904 8058 ) (-520 -1024 8058 ) (-712 -1024 8058 ) 
4 129 182 (-712 -1024 8059 ) (-904 -1024 8059 ) (-904 -1024 8058 ) (-712 -1024 8058 ) 
4 129 131 (-904 -904 8058 ) (-712 -904 8058 ) (-712 -1024 8058 ) (-904 -1024 8058 ) 
4 129 130 (-904 -904 8058 ) (-904 -1024 8058 ) (-904 -1024 8059 ) (-904 -904 8059 ) 
4 130 183 (-904 -1024 8059 ) (-1024 -1024 8059 ) (-1024 -1024 8058 ) (-904 -1024 8058 ) 
4 130 140 (-1024 -1024 8058 ) (-1024 -1024 8059 ) (-1024 -904 8059 ) (-1024 -904 8058 ) 
4 130 131 (-1024 -904 8058 ) (-904 -904 8058 ) (-904 -1024 8058 ) (-1024 -1024 8058 ) 
4 131 184 (-328 -1024 32 ) (-328 -1024 8058 ) (-1024 -1024 8058 ) (-1024 -1024 32 ) 
4 131 144 (-1024 -1024 32 ) (-1024 -1024 8058 ) (-1024 -904 8058 ) (-1024 -904 32 ) 
4 132 145 (-1672 0 13312 ) (-1672 0 8064 ) (-1672 -136 8064 ) (-1672 -136 13312 ) 
4 132 136 (-1480 -136 8055 ) (-1672 -136 8055 ) (-1672 0 8055 ) (-1480 0 8055 ) 
4 132 135 (-1288 -136 8055 ) (-1480 -136 8055 ) (-1480 0 8055 ) (-1288 0 8055 ) 
4 132 134 (-1096 -136 8055 ) (-1288 -136 8055 ) (-1288 0 8055 ) (-1096 0 8055 ) 
4 132 133 (-1024 -136 8055 ) (-1096 -136 8055 ) (-1096 0 8055 ) (-1024 0 8055 ) 
4 132 138 (-1024 -136 8055 ) (-1024 -136 13312 ) (-1672 -136 13312 ) (-1672 -136 8055 ) 
4 133 137 (-1024 -136 8054 ) (-1096 -136 8054 ) (-1096 0 8054 ) (-1024 0 8054 ) 
4 133 138 (-1024 -136 8054 ) (-1024 -136 8055 ) (-1096 -136 8055 ) (-1096 -136 8054 ) 
4 133 134 (-1096 0 8054 ) (-1096 -136 8054 ) (-1096 -136 8055 ) (-1096 0 8055 ) 
4 134 135 (-1288 0 8054 ) (-1288 -136 8054 ) (-1288 -136 8055 ) (-1288 0 8055 ) 
4 134 137 (-1096 -136 8054 ) (-1288 -136 8054 ) (-1288 0 8054 ) (-1096 0 8054 ) 
4 134 138 (-1096 -136 8055 ) (-1288 -136 8055 ) (-1288 -136 8054 ) (-1096 -136 8054 ) 
4 135 137 (-1288 -136 8054 ) (-1480 -136 8054 ) (-1480 0 8054 ) (-1288 0 8054 ) 
4 135 138 (-1288 -136 8055 ) (-1480 -136 8055 ) (-1480 -136 8054 ) (-1288 -136 8054 ) 
4 135 136 (-1480 0 8054 ) (-1480 -136 8054 ) (-1480 -136 8055 ) (-1480 0 8055 ) 
4 136 137 (-1480 -136 8054 ) (-1672 -136 8054 ) (-1672 0 8054 ) (-1480 0 8054 ) 
4 136 138 (-1480 -136 8055 ) (-1672 -136 8055 ) (-1672 -136 8054 ) (-1480 -136 8054 ) 
4 137 138 (-1672 -136 32 ) (-1024 -136 32 ) (-1024 -136 8054 ) (-1672 -136 8054 ) 
4 138 154 (-1672 -904 8064 ) (-1672 -904 8198 ) (-1672 -714 8198 ) (-1672 -714 8064 ) 
4 138 150 (-1672 -904 8198 ) (-1672 -904 13312 ) (-1672 -714 13312 ) (-1672 -714 8198 ) 
4 138 145 (-1672 -714 13312 ) (-1672 -136 13312 ) (-1672 -136 8064 ) (-1672 -714 8064 ) 
4 138 143 (-1480 -904 8059 ) (-1672 -904 8059 ) (-1672 -904 8058 ) (-1480 -904 8058 ) 
4 138 142 (-1288 -904 8059 ) (-1480 -904 8059 ) (-1480 -904 8058 ) (-1288 -904 8058 ) 
4 138 141 (-1096 -904 8059 ) (-1288 -904 8059 ) (-1288 -904 8058 ) (-1096 -904 8058 ) 
4 138 140 (-1024 -904 8058 ) (-1024 -904 8059 ) (-1096 -904 8059 ) (-1096 -904 8058 ) 
4 138 139 (-1024 -904 8059 ) (-1024 -904 13312 ) (-1672 -904 13312 ) (-1672 -904 8059 ) 
4 138 144 (-1672 -904 32 ) (-1024 -904 32 ) (-1024 -904 8058 ) (-1672 -904 8058 ) 
4 139 193 (-1024 -1024 8059 ) (-1024 -1024 13312 ) (-1672 -1024 13312 ) (-1672 -1024 8059 ) 
4 139 154 (-1672 -1024 8064 ) (-1672 -1024 8198 ) (-1672 -904 8198 ) (-1672 -904 8064 ) 
4 139 150 (-1672 -1024 8198 ) (-1672 -1024 13312 ) (-1672 -904 13312 ) (-1672 -904 8198 ) 
4 139 143 (-1480 -1024 8059 ) (-1672 -1024 8059 ) (-1672 -904 8059 ) (-1480 -904 8059 ) 
4 139 142 (-1288 -1024 8059 ) (-1480 -1024 8059 ) (-1480 -904 8059 ) (-1288 -904 8059 ) 
4 139 141 (-1096 -1024 8059 ) (-1288 -1024 8059 ) (-1288 -904 8059 ) (-1096 -904 8059 ) 
4 139 140 (-1024 -1024 8059 ) (-1096 -1024 8059 ) (-1096 -904 8059 ) (-1024 -904 8059 ) 
4 140 194 (-1024 -1024 8058 ) (-1024 -1024 8059 ) (-1096 -1024 8059 ) (-1096 -1024 8058 ) 
4 140 144 (-1096 -904 8058 ) (-1024 -904 8058 ) (-1024 -1024 8058 ) (-1096 -1024 8058 ) 
4 140 141 (-1096 -904 8058 ) (-1096 -1024 8058 ) (-1096 -1024 8059 ) (-1096 -904 8059 ) 
4 141 195 (-1096 -1024 8059 ) (-1288 -1024 8059 ) (-1288 -1024 8058 ) (-1096 -1024 8058 ) 
4 141 142 (-1288 -904 8058 ) (-1288 -1024 8058 ) (-1288 -1024 8059 ) (-1288 -904 8059 ) 
4 141 144 (-1288 -904 8058 ) (-1096 -904 8058 ) (-1096 -1024 8058 ) (-1288 -1024 8058 ) 
4 142 196 (-1288 -1024 8059 ) (-1480 -1024 8059 ) (-1480 -1024 8058 ) (-1288 -1024 8058 ) 
4 142 144 (-1480 -904 8058 ) (-1288 -904 8058 ) (-1288 -1024 8058 ) (-1480 -1024 8058 ) 
4 142 143 (-1480 -904 8058 ) (-1480 -1024 8058 ) (-1480 -1024 8059 ) (-1480 -904 8059 ) 
4 143 197 (-1480 -1024 8059 ) (-1672 -1024 8059 ) (-1672 -1024 8058 ) (-1480 -1024 8058 ) 
4 143 144 (-1672 -1024 8058 ) (-1672 -904 8058 ) (-1480 -904 8058 ) (-1480 -1024 8058 ) 
4 144 198 (-1024 -1024 32 ) (-1024 -1024 8058 ) (-1672 -1024 8058 ) (-1672 -1024 32 ) 
4 145 154 (-1675.989990 -714 8064 ) (-1672 -714 8064 ) (-1672 -714 8198 ) (-1675.989990 -714 8198 ) 
4 145 150 (-1672 -714 8198 ) (-1672 -714 13312 ) (-1675.989990 -714 13312 ) (-1675.989990 -714 8198 ) 
4 145 147 (-1675.989990 -424.334045 8073 ) (-1675.989990 -424.334045 8199 ) (-1675.989990 0 8199 ) (-1675.989990 0 8073 ) 
4 145 146 (-1675.989990 -424.334045 8199 ) (-1675.989990 -424.334045 13312 ) (-1675.989990 0 13312 ) (-1675.989990 0 8199 ) 
4 145 148 (-1675.989990 0 8064 ) (-1675.989990 -424.334045 8064 ) (-1675.989990 -424.334045 8073 ) (-1675.989990 0 8073 ) 
4 145 149 (-1675.989990 -424.334045 8064 ) (-1675.989990 -714 8064 ) (-1675.989990 -714 13312 ) (-1675.989990 -424.334045 13312 ) 
4 146 157 (-1677 -424.334045 8199 ) (-1677 -424.334045 13312 ) (-1677 0 13312 ) (-1677 0 8199 ) 
4 146 149 (-1677 -424.334045 13312 ) (-1677 -424.334045 8199 ) (-1675.989990 -424.334045 8199 ) (-1675.989990 -424.334045 13312 ) 
4 146 147 (-1675.989990 -424.334045 8199 ) (-1677 -424.334045 8199 ) (-1677 0 8199 ) (-1675.989990 0 8199 ) 
4 147 148 (-1675.989990 -424.334045 8073 ) (-1677 -424.334045 8073 ) (-1677 0 8073 ) (-1675.989990 0 8073 ) 
4 147 157 (-1677 -424.334045 8073 ) (-1677 -424.334045 8199 ) (-1677 0 8199 ) (-1677 0 8073 ) 
4 147 149 (-1677 -424.334045 8199 ) (-1677 -424.334045 8073 ) (-1675.989990 -424.334045 8073 ) (-1675.989990 -424.334045 8199 ) 
4 148 149 (-1677 -424.334045 8073 ) (-1677 -424.334045 8064 ) (-1675.989990 -424.334045 8064 ) (-1675.989990 -424.334045 8073 ) 
4 148 157 (-1677 0 8064 ) (-1677 -424.334045 8064 ) (-1677 -424.334045 8073 ) (-1677 0 8073 ) 
4 149 156 (-1677 -714 8074 ) (-1677 -714 8064 ) (-1675.989990 -714 8064 ) (-1675.989990 -714 8074 ) 
4 149 155 (-1677 -714 8198 ) (-1677 -714 8074 ) (-1675.989990 -714 8074 ) (-1675.989990 -714 8198 ) 
4 149 151 (-1677 -714 13312 ) (-1677 -714 8198 ) (-1675.989990 -714 8198 ) (-1675.989990 -714 13312 ) 
4 149 157 (-1677 -424.334045 8064 ) (-1677 -714 8064 ) (-1677 -714 13312 ) (-1677 -424.334045 13312 ) 
4 150 204 (-1672 -1024 8198 ) (-1672 -1024 13312 ) (-1673 -1024 13312 ) (-1673 -1024 8198 ) 
4 150 209 (-1673 -1024 13312 ) (-1676 -1024 13312 ) (-1676 -1024 8198 ) (-1673 -1024 8198 ) 
4 150 154 (-1676 -714 8198 ) (-1672 -714 8198 ) (-1672 -1024 8198 ) (-1676 -1024 8198 ) 
4 150 153 (-1676 -839 8198 ) (-1676 -1024 8198 ) (-1676 -1024 8326 ) (-1676 -839 8326 ) 
4 150 152 (-1676 -1024 8326 ) (-1676 -1024 13312 ) (-1676 -839 13312 ) (-1676 -839 8326 ) 
4 150 151 (-1676 -714 13312 ) (-1676 -714 8198 ) (-1676 -839 8198 ) (-1676 -839 13312 ) 
4 151 155 (-1677 -839 8198 ) (-1677 -714 8198 ) (-1676 -714 8198 ) (-1676 -839 8198 ) 
4 151 153 (-1677 -839 8326 ) (-1677 -839 8198 ) (-1676 -839 8198 ) (-1676 -839 8326 ) 
4 151 152 (-1677 -839 13312 ) (-1677 -839 8326 ) (-1676 -839 8326 ) (-1676 -839 13312 ) 
4 151 157 (-1677 -839 13312 ) (-1677 -714 13312 ) (-1677 -714 8198 ) (-1677 -839 8198 ) 
4 152 210 (-1676 -1024 13312 ) (-1677 -1024 13312 ) (-1677 -1024 8326 ) (-1676 -1024 8326 ) 
4 152 157 (-1677 -1024 8326 ) (-1677 -1024 13312 ) (-1677 -839 13312 ) (-1677 -839 8326 ) 
4 152 153 (-1677 -1024 8326 ) (-1677 -839 8326 ) (-1676 -839 8326 ) (-1676 -1024 8326 ) 
4 153 211 (-1677 -1024 8326 ) (-1677 -1024 8198 ) (-1676 -1024 8198 ) (-1676 -1024 8326 ) 
4 153 155 (-1677 -1024 8198 ) (-1677 -839 8198 ) (-1676 -839 8198 ) (-1676 -1024 8198 ) 
4 153 157 (-1677 -1024 8198 ) (-1677 -1024 8326 ) (-1677 -839 8326 ) (-1677 -839 8198 ) 
4 154 204 (-1672 -1024 8064 ) (-1672 -1024 8198 ) (-1673 -1024 8198 ) (-1673 -1024 8064 ) 
4 154 209 (-1673 -1024 8198 ) (-1676 -1024 8198 ) (-1676 -1024 8064 ) (-1673 -1024 8064 ) 
4 154 156 (-1676 -714 8074 ) (-1676 -714 8064 ) (-1676 -1024 8064 ) (-1676 -1024 8074 ) 
4 154 155 (-1676 -1024 8198 ) (-1676 -714 8198 ) (-1676 -714 8074 ) (-1676 -1024 8074 ) 
4 155 214 (-1676 -1024 8198 ) (-1677 -1024 8198 ) (-1677 -1024 8074 ) (-1676 -1024 8074 ) 
4 155 157 (-1677 -1024 8074 ) (-1677 -1024 8198 ) (-1677 -714 8198 ) (-1677 -714 8074 ) 
4 155 156 (-1677 -1024 8074 ) (-1677 -714 8074 ) (-1676 -714 8074 ) (-1676 -1024 8074 ) 
4 156 215 (-1677 -1024 8074 ) (-1677 -1024 8064 ) (-1676 -1024 8064 ) (-1676 -1024 8074 ) 
4 156 157 (-1677 -714 8064 ) (-1677 -1024 8064 ) (-1677 -1024 8074 ) (-1677 -714 8074 ) 
4 157 217 (-1680 -1024 8198 ) (-1680 -1024 8064 ) (-1677 -1024 8064 ) (-1677 -1024 8198 ) 
4 157 213 (-1677 -1024 13312 ) (-1680 -1024 13312 ) (-1680 -1024 8198 ) (-1677 -1024 8198 ) 
4 157 159 (-1680 -1024 8072 ) (-1680 -1024 13312 ) (-1680 -136 13312 ) (-1680 -136 8072 ) 
4 157 158 (-1680 -136 13312 ) (-1680 0 13312 ) (-1680 0 8064 ) (-1680 -136 8064 ) 
4 158 225 (-2048 0 13312 ) (-2048 0 0 ) (-2048 -136 0 ) (-2048 -136 13312 ) 
4 158 160 (-2048 -136 7581.333008 ) (-2048 -136 0 ) (-1776 -136 0 ) (-1776 -136 7944 ) 
4 158 159 (-2048 -136 13312 ) (-2048 -136 7581.333008 ) (-1680 -136 8072 ) (-1680 -136 13312 ) 
4 159 225 (-2048 -1024 7581.333496 ) (-2048 -1024 13312 ) (-2048 -136 13312 ) (-2048 -136 7581.333008 ) 
4 159 218 (-1680 -1024 8072 ) (-1680 -1024 13312 ) (-2048 -1024 13312 ) (-2048 -1024 7581.333008 ) 
4 159 160 (-2048 -136 7581.335938 ) (-1776 -136 7944.002441 ) (-1776 -1024 7944.002441 ) (-2048 -1024 7581.335938 ) 
4 160 225 (-2048 -1024 0 ) (-2048 -1024 7581.333496 ) (-2048 -136 7581.333008 ) (-2048 -136 0 ) 
4 160 219 (-1776 -1024 7944 ) (-2048 -1024 7581.333008 ) (-2048 -1024 0 ) (-1776 -1024 0 ) 
4 161 190 (0 -1104 0 ) (0 -2048 0 ) (0 -2048 13312 ) (0 -1104 13312 ) 
4 161 163 (0 -1024 13312 ) (0 -1024 0 ) (0 -1104 0 ) (0 -1104 13312 ) 
4 161 162 (1024 -2048 0 ) (1024 -2048 13312 ) (0 -2048 13312 ) (0 -2048 0 ) 
4 162 223 (0 -2560 0 ) (0 -2560 13312 ) (0 -2048 13312 ) (0 -2048 0 ) 
4 163 190 (0 -1104 0 ) (0 -1104 13312 ) (-224 -1104 13312 ) (-224 -1104 0 ) 
4 163 164 (-224 -1104 7944 ) (-224 -1104 13312 ) (-224 -1024 13312 ) (-224 -1024 7944 ) 
4 164 190 (-224 -1104 7944 ) (-224 -1104 13312 ) (-320 -1104 13312 ) (-320 -1104 8071.997559 ) 
4 164 169 (-320 -1104 8071.997070 ) (-320 -1104 8198 ) (-320 -1024 8198 ) (-320 -1024 8071.997559 ) 
4 164 165 (-320 -1104 8198 ) (-320 -1104 13312 ) (-320 -1024 13312 ) (-320 -1024 8198 ) 
4 165 191 (-320 -1104 8198 ) (-320 -1104 13312 ) (-323 -1104 13312 ) (-323 -1104 8198 ) 
4 165 169 (-323 -1024 8198 ) (-320 -1024 8198 ) (-320 -1104 8198 ) (-323 -1104 8198 ) 
4 165 167 (-323 -1024 8198 ) (-323 -1096 8198 ) (-323 -1096 8326 ) (-323 -1024 8326 ) 
4 165 166 (-323 -1096 8326 ) (-323 -1096 13312 ) (-323 -1024 13312 ) (-323 -1024 8326 ) 
4 165 168 (-323 -1096 8198 ) (-323 -1104 8198 ) (-323 -1104 13312 ) (-323 -1096 13312 ) 
4 166 173 (-324 -1096 13312 ) (-324 -1024 13312 ) (-324 -1024 8326 ) (-324 -1096 8326 ) 
4 166 168 (-324 -1096 13312 ) (-324 -1096 8326 ) (-323 -1096 8326 ) (-323 -1096 13312 ) 
4 166 167 (-323 -1096 8326 ) (-324 -1096 8326 ) (-324 -1024 8326 ) (-323 -1024 8326 ) 
4 167 173 (-324 -1024 8326 ) (-324 -1024 8198 ) (-324 -1096 8198 ) (-324 -1096 8326 ) 
4 167 170 (-324 -1096 8198 ) (-324 -1024 8198 ) (-323 -1024 8198 ) (-323 -1096 8198 ) 
4 167 168 (-324 -1096 8326 ) (-324 -1096 8198 ) (-323 -1096 8198 ) (-323 -1096 8326 ) 
4 168 191 (-323 -1104 13312 ) (-324 -1104 13312 ) (-324 -1104 8198 ) (-323 -1104 8198 ) 
4 168 173 (-324 -1104 8198 ) (-324 -1104 13312 ) (-324 -1096 13312 ) (-324 -1096 8198 ) 
4 168 172 (-324 -1104 8198 ) (-324 -1096 8198 ) (-323 -1096 8198 ) (-323 -1104 8198 ) 
4 169 191 (-320 -1104 8072 ) (-320 -1104 8198 ) (-323 -1104 8198 ) (-323 -1104 8072 ) 
4 169 171 (-323 -1024 8064 ) (-323 -1096 8064 ) (-323 -1096 8074 ) (-323 -1024 8074 ) 
4 169 170 (-323 -1096 8074 ) (-323 -1096 8198 ) (-323 -1024 8198 ) (-323 -1024 8074 ) 
4 169 172 (-323 -1096 8064 ) (-323 -1104 8064 ) (-323 -1104 8198 ) (-323 -1096 8198 ) 
4 170 173 (-324 -1096 8074 ) (-324 -1096 8198 ) (-324 -1024 8198 ) (-324 -1024 8074 ) 
4 170 172 (-323 -1096 8074 ) (-323 -1096 8198 ) (-324 -1096 8198 ) (-324 -1096 8074 ) 
4 170 171 (-323 -1096 8074 ) (-324 -1096 8074 ) (-324 -1024 8074 ) (-323 -1024 8074 ) 
4 171 173 (-324 -1024 8064 ) (-324 -1096 8064 ) (-324 -1096 8074 ) (-324 -1024 8074 ) 
4 171 172 (-323 -1096 8064 ) (-323 -1096 8074 ) (-324 -1096 8074 ) (-324 -1096 8064 ) 
4 172 191 (-323 -1104 8198 ) (-324 -1104 8198 ) (-324 -1104 8072 ) (-323 -1104 8072 ) 
4 172 173 (-324 -1096 8064 ) (-324 -1104 8064 ) (-324 -1104 8198 ) (-324 -1096 8198 ) 
4 173 191 (-324 -1104 13312 ) (-327 -1104 13312 ) (-327 -1104 8072 ) (-324 -1104 8072 ) 
4 173 176 (-327 -1101 8074 ) (-327 -1101 8326 ) (-327 -1100 8326 ) (-327 -1100 8074 ) 
4 173 175 (-327 -1101 8326 ) (-327 -1101 13312 ) (-327 -1100 13312 ) (-327 -1100 8326 ) 
4 173 177 (-327 -1100 8064 ) (-327 -1101 8064 ) (-327 -1101 8074 ) (-327 -1100 8074 ) 
4 173 174 (-327 -1024 8064 ) (-327 -1100 8064 ) (-327 -1100 13312 ) (-327 -1024 13312 ) 
4 173 178 (-327 -1101 8064 ) (-327 -1104 8064 ) (-327 -1104 13312 ) (-327 -1101 13312 ) 
4 174 185 (-328 -1096 8064 ) (-328 -1100 8064 ) (-328 -1100 13312 ) (-328 -1096 13312 ) 
4 174 179 (-328 -1024 13312 ) (-328 -1024 8064 ) (-328 -1096 8064 ) (-328 -1096 13312 ) 
4 174 176 (-327 -1100 8074 ) (-327 -1100 8326 ) (-328 -1100 8326 ) (-328 -1100 8074 ) 
4 174 175 (-327 -1100 8326 ) (-327 -1100 13312 ) (-328 -1100 13312 ) (-328 -1100 8326 ) 
4 174 177 (-328 -1100 8064 ) (-327 -1100 8064 ) (-327 -1100 8074 ) (-328 -1100 8074 ) 
4 175 186 (-328 -1101 8326 ) (-328 -1101 13312 ) (-328 -1100 13312 ) (-328 -1100 8326 ) 
4 175 178 (-327 -1101 8326 ) (-327 -1101 13312 ) (-328 -1101 13312 ) (-328 -1101 8326 ) 
4 175 176 (-327 -1101 8326 ) (-328 -1101 8326 ) (-328 -1100 8326 ) (-327 -1100 8326 ) 
4 176 187 (-328 -1101 8074 ) (-328 -1101 8326 ) (-328 -1100 8326 ) (-328 -1100 8074 ) 
4 176 177 (-327 -1101 8074 ) (-328 -1101 8074 ) (-328 -1100 8074 ) (-327 -1100 8074 ) 
4 176 178 (-327 -1101 8074 ) (-327 -1101 8326 ) (-328 -1101 8326 ) (-328 -1101 8074 ) 
4 177 188 (-328 -1100 8064 ) (-328 -1101 8064 ) (-328 -1101 8074 ) (-328 -1100 8074 ) 
4 177 178 (-328 -1101 8064 ) (-327 -1101 8064 ) (-327 -1101 8074 ) (-328 -1101 8074 ) 
4 178 191 (-327 -1104 13312 ) (-328 -1104 13312 ) (-328 -1104 8072 ) (-327 -1104 8072 ) 
4 178 189 (-328 -1101 8064 ) (-328 -1104 8064 ) (-328 -1104 13312 ) (-328 -1101 13312 ) 
4 179 193 (-1024 -1024 13312 ) (-1024 -1024 8059 ) (-1024 -1096 8059 ) (-1024 -1096 13312 ) 
4 179 185 (-328 -1096 8064 ) (-328 -1096 13312 ) (-1024 -1096 13312 ) (-1024 -1096 8064 ) 
4 179 183 (-904 -1096 8059 ) (-1024 -1096 8059 ) (-1024 -1024 8059 ) (-904 -1024 8059 ) 
4 179 182 (-712 -1096 8059 ) (-904 -1096 8059 ) (-904 -1024 8059 ) (-712 -1024 8059 ) 
4 179 181 (-520 -1096 8059 ) (-712 -1096 8059 ) (-712 -1024 8059 ) (-520 -1024 8059 ) 
4 179 180 (-328 -1096 8059 ) (-520 -1096 8059 ) (-520 -1024 8059 ) (-328 -1024 8059 ) 
4 180 184 (-328 -1096 8058 ) (-520 -1096 8058 ) (-520 -1024 8058 ) (-328 -1024 8058 ) 
4 180 181 (-520 -1024 8058 ) (-520 -1096 8058 ) (-520 -1096 8059 ) (-520 -1024 8059 ) 
4 181 182 (-712 -1024 8058 ) (-712 -1096 8058 ) (-712 -1096 8059 ) (-712 -1024 8059 ) 
4 181 184 (-520 -1096 8058 ) (-712 -1096 8058 ) (-712 -1024 8058 ) (-520 -1024 8058 ) 
4 182 184 (-712 -1096 8058 ) (-904 -1096 8058 ) (-904 -1024 8058 ) (-712 -1024 8058 ) 
4 182 183 (-904 -1024 8058 ) (-904 -1096 8058 ) (-904 -1096 8059 ) (-904 -1024 8059 ) 
4 183 194 (-1024 -1024 8059 ) (-1024 -1024 8058 ) (-1024 -1096 8058 ) (-1024 -1096 8059 ) 
4 183 184 (-904 -1096 8058 ) (-1024 -1096 8058 ) (-1024 -1024 8058 ) (-904 -1024 8058 ) 
4 184 198 (-1024 -1024 8058 ) (-1024 -1024 32 ) (-1024 -1096 32 ) (-1024 -1096 8058 ) 
4 185 199 (-1024 -1100 13312 ) (-1024 -1096 13312 ) (-1024 -1096 8064 ) (-1024 -1100 8064 ) 
4 185 187 (-328 -1100 8074 ) (-328 -1100 8326 ) (-1024 -1100 8326 ) (-1024 -1100 8074 ) 
4 185 186 (-328 -1100 8326 ) (-328 -1100 13312 ) (-1024 -1100 13312 ) (-1024 -1100 8326 ) 
4 185 188 (-1024 -1100 8064 ) (-328 -1100 8064 ) (-328 -1100 8074 ) (-1024 -1100 8074 ) 
4 186 200 (-1024 -1101 13312 ) (-1024 -1100 13312 ) (-1024 -1100 8326 ) (-1024 -1101 8326 ) 
4 186 189 (-328 -1101 8326 ) (-328 -1101 13312 ) (-1024 -1101 13312 ) (-1024 -1101 8326 ) 
4 186 187 (-328 -1101 8326 ) (-1024 -1101 8326 ) (-1024 -1100 8326 ) (-328 -1100 8326 ) 
4 187 201 (-1024 -1100 8326 ) (-1024 -1100 8074 ) (-1024 -1101 8074 ) (-1024 -1101 8326 ) 
4 187 188 (-328 -1101 8074 ) (-1024 -1101 8074 ) (-1024 -1100 8074 ) (-328 -1100 8074 ) 
4 187 189 (-328 -1101 8074 ) (-328 -1101 8326 ) (-1024 -1101 8326 ) (-1024 -1101 8074 ) 
4 188 202 (-1024 -1100 8074 ) (-1024 -1100 8064 ) (-1024 -1101 8064 ) (-1024 -1101 8074 ) 
4 188 189 (-1024 -1101 8064 ) (-328 -1101 8064 ) (-328 -1101 8074 ) (-1024 -1101 8074 ) 
4 189 203 (-1024 -1104 8064 ) (-1024 -1104 13312 ) (-1024 -1101 13312 ) (-1024 -1101 8064 ) 
4 189 191 (-328 -1104 8072 ) (-328 -1104 13312 ) (-1024 -1104 13312 ) (-1024 -1104 8072 ) 
4 190 223 (0 -2048 0 ) (0 -2048 13312 ) (-320 -2048 13312 ) (-320 -2048 0 ) 
4 190 192 (-320 -1200 0 ) (-320 -2048 0 ) (-320 -2048 13312 ) (-320 -1200 13312 ) 
4 190 191 (-320 -1104 13312 ) (-320 -1104 8072 ) (-320 -1200 7944 ) (-320 -1200 13312 ) 
4 191 220 (-1024 -1200 7944 ) (-1024 -1200 13312 ) (-1024 -1104 13312 ) (-1024 -1104 8072 ) 
4 191 192 (-320 -1200 7944 ) (-320 -1200 13312 ) (-1024 -1200 13312 ) (-1024 -1200 7944 ) 
4 192 223 (-320 -2048 0 ) (-320 -2048 13312 ) (-1024 -2048 13312 ) (-1024 -2048 0 ) 
4 192 221 (-1024 -2048 0 ) (-1024 -2048 13312 ) (-1024 -1200 13312 ) (-1024 -1200 0 ) 
4 193 204 (-1672 -1024 13312 ) (-1672 -1024 8064 ) (-1672 -1096 8064 ) (-1672 -1096 13312 ) 
4 193 199 (-1672 -1096 13312 ) (-1672 -1096 8064 ) (-1024 -1096 8064 ) (-1024 -1096 13312 ) 
4 193 197 (-1480 -1096 8059 ) (-1672 -1096 8059 ) (-1672 -1024 8059 ) (-1480 -1024 8059 ) 
4 193 196 (-1288 -1096 8059 ) (-1480 -1096 8059 ) (-1480 -1024 8059 ) (-1288 -1024 8059 ) 
4 193 195 (-1096 -1096 8059 ) (-1288 -1096 8059 ) (-1288 -1024 8059 ) (-1096 -1024 8059 ) 
4 193 194 (-1024 -1096 8059 ) (-1096 -1096 8059 ) (-1096 -1024 8059 ) (-1024 -1024 8059 ) 
4 194 198 (-1024 -1096 8058 ) (-1096 -1096 8058 ) (-1096 -1024 8058 ) (-1024 -1024 8058 ) 
4 194 195 (-1096 -1024 8058 ) (-1096 -1096 8058 ) (-1096 -1096 8059 ) (-1096 -1024 8059 ) 
4 195 196 (-1288 -1024 8058 ) (-1288 -1096 8058 ) (-1288 -1096 8059 ) (-1288 -1024 8059 ) 
4 195 198 (-1096 -1096 8058 ) (-1288 -1096 8058 ) (-1288 -1024 8058 ) (-1096 -1024 8058 ) 
4 196 198 (-1288 -1096 8058 ) (-1480 -1096 8058 ) (-1480 -1024 8058 ) (-1288 -1024 8058 ) 
4 196 197 (-1480 -1024 8058 ) (-1480 -1096 8058 ) (-1480 -1096 8059 ) (-1480 -1024 8059 ) 
4 197 198 (-1480 -1096 8058 ) (-1672 -1096 8058 ) (-1672 -1024 8058 ) (-1480 -1024 8058 ) 
4 199 204 (-1672 -1100 13312 ) (-1672 -1096 13312 ) (-1672 -1096 8064 ) (-1672 -1100 8064 ) 
4 199 201 (-1024 -1100 8074 ) (-1024 -1100 8326 ) (-1672 -1100 8326 ) (-1672 -1100 8074 ) 
4 199 200 (-1024 -1100 8326 ) (-1024 -1100 13312 ) (-1672 -1100 13312 ) (-1672 -1100 8326 ) 
4 199 202 (-1672 -1100 8064 ) (-1024 -1100 8064 ) (-1024 -1100 8074 ) (-1672 -1100 8074 ) 
4 200 205 (-1672 -1101 13312 ) (-1672 -1100 13312 ) (-1672 -1100 8326 ) (-1672 -1101 8326 ) 
4 200 203 (-1024 -1101 8326 ) (-1024 -1101 13312 ) (-1672 -1101 13312 ) (-1672 -1101 8326 ) 
4 200 201 (-1024 -1101 8326 ) (-1672 -1101 8326 ) (-1672 -1100 8326 ) (-1024 -1100 8326 ) 
4 201 206 (-1672 -1100 8326 ) (-1672 -1100 8074 ) (-1672 -1101 8074 ) (-1672 -1101 8326 ) 
4 201 202 (-1024 -1101 8074 ) (-1672 -1101 8074 ) (-1672 -1100 8074 ) (-1024 -1100 8074 ) 
4 201 203 (-1024 -1101 8074 ) (-1024 -1101 8326 ) (-1672 -1101 8326 ) (-1672 -1101 8074 ) 
4 202 207 (-1672 -1100 8074 ) (-1672 -1100 8064 ) (-1672 -1101 8064 ) (-1672 -1101 8074 ) 
4 202 203 (-1672 -1101 8064 ) (-1024 -1101 8064 ) (-1024 -1101 8074 ) (-1672 -1101 8074 ) 
4 203 220 (-1024 -1104 8072 ) (-1024 -1104 13312 ) (-1672 -1104 13312 ) (-1672 -1104 8072 ) 
4 203 208 (-1672 -1104 8064 ) (-1672 -1104 13312 ) (-1672 -1101 13312 ) (-1672 -1101 8064 ) 
4 204 206 (-1673 -1100 8326 ) (-1673 -1100 8074 ) (-1672 -1100 8074 ) (-1672 -1100 8326 ) 
4 204 205 (-1673 -1100 13312 ) (-1673 -1100 8326 ) (-1672 -1100 8326 ) (-1672 -1100 13312 ) 
4 204 207 (-1673 -1100 8074 ) (-1673 -1100 8064 ) (-1672 -1100 8064 ) (-1672 -1100 8074 ) 
4 204 209 (-1673 -1024 8064 ) (-1673 -1100 8064 ) (-1673 -1100 13312 ) (-1673 -1024 13312 ) 
4 205 208 (-1673 -1101 13312 ) (-1673 -1101 8326 ) (-1672 -1101 8326 ) (-1672 -1101 13312 ) 
4 205 209 (-1673 -1101 8326 ) (-1673 -1101 13312 ) (-1673 -1100 13312 ) (-1673 -1100 8326 ) 
4 205 206 (-1672 -1101 8326 ) (-1673 -1101 8326 ) (-1673 -1100 8326 ) (-1672 -1100 8326 ) 
4 206 207 (-1672 -1101 8074 ) (-1673 -1101 8074 ) (-1673 -1100 8074 ) (-1672 -1100 8074 ) 
4 206 208 (-1673 -1101 8326 ) (-1673 -1101 8074 ) (-1672 -1101 8074 ) (-1672 -1101 8326 ) 
4 206 209 (-1673 -1101 8074 ) (-1673 -1101 8326 ) (-1673 -1100 8326 ) (-1673 -1100 8074 ) 
4 207 209 (-1673 -1100 8064 ) (-1673 -1101 8064 ) (-1673 -1101 8074 ) (-1673 -1100 8074 ) 
4 207 208 (-1673 -1101 8074 ) (-1673 -1101 8064 ) (-1672 -1101 8064 ) (-1672 -1101 8074 ) 
4 208 220 (-1672 -1104 8072 ) (-1672 -1104 13312 ) (-1673 -1104 13312 ) (-1673 -1104 8072 ) 
4 208 209 (-1673 -1101 8064 ) (-1673 -1104 8064 ) (-1673 -1104 13312 ) (-1673 -1101 13312 ) 
4 209 220 (-1673 -1104 13312 ) (-1676 -1104 13312 ) (-1676 -1104 8072 ) (-1673 -1104 8072 ) 
4 209 215 (-1676 -1024 8064 ) (-1676 -1095 8064 ) (-1676 -1095 8074 ) (-1676 -1024 8074 ) 
4 209 214 (-1676 -1095 8074 ) (-1676 -1095 8198 ) (-1676 -1024 8198 ) (-1676 -1024 8074 ) 
4 209 216 (-1676 -1095 8064 ) (-1676 -1104 8064 ) (-1676 -1104 8198 ) (-1676 -1095 8198 ) 
4 209 211 (-1676 -1024 8326 ) (-1676 -1024 8198 ) (-1676 -1095 8198 ) (-1676 -1095 8326 ) 
4 209 210 (-1676 -1095 13312 ) (-1676 -1024 13312 ) (-1676 -1024 8326 ) (-1676 -1095 8326 ) 
4 209 212 (-1676 -1104 8198 ) (-1676 -1104 13312 ) (-1676 -1095 13312 ) (-1676 -1095 8198 ) 
4 210 212 (-1677 -1095 13312 ) (-1677 -1095 8326 ) (-1676 -1095 8326 ) (-1676 -1095 13312 ) 
4 210 213 (-1677 -1095 8326 ) (-1677 -1095 13312 ) (-1677 -1024 13312 ) (-1677 -1024 8326 ) 
4 210 211 (-1676 -1095 8326 ) (-1677 -1095 8326 ) (-1677 -1024 8326 ) (-1676 -1024 8326 ) 
4 211 214 (-1677 -1024 8198 ) (-1676 -1024 8198 ) (-1676 -1095 8198 ) (-1677 -1095 8198 ) 
4 211 212 (-1677 -1095 8326 ) (-1677 -1095 8198 ) (-1676 -1095 8198 ) (-1676 -1095 8326 ) 
4 211 213 (-1677 -1024 8198 ) (-1677 -1095 8198 ) (-1677 -1095 8326 ) (-1677 -1024 8326 ) 
4 212 220 (-1676 -1104 13312 ) (-1677 -1104 13312 ) (-1677 -1104 8198 ) (-1676 -1104 8198 ) 
4 212 216 (-1676 -1095 8198 ) (-1676 -1104 8198 ) (-1677 -1104 8198 ) (-1677 -1095 8198 ) 
4 212 213 (-1677 -1095 8198 ) (-1677 -1104 8198 ) (-1677 -1104 13312 ) (-1677 -1095 13312 ) 
4 213 220 (-1677 -1104 13312 ) (-1680 -1104 13312 ) (-1680 -1104 8198 ) (-1677 -1104 8198 ) 
4 213 218 (-1680 -1104 8198 ) (-1680 -1104 13312 ) (-1680 -1024 13312 ) (-1680 -1024 8198 ) 
4 213 217 (-1680 -1104 8198 ) (-1680 -1024 8198 ) (-1677 -1024 8198 ) (-1677 -1104 8198 ) 
4 214 216 (-1677 -1095 8198 ) (-1677 -1095 8074 ) (-1676 -1095 8074 ) (-1676 -1095 8198 ) 
4 214 217 (-1677 -1095 8074 ) (-1677 -1095 8198 ) (-1677 -1024 8198 ) (-1677 -1024 8074 ) 
4 214 215 (-1676 -1095 8074 ) (-1677 -1095 8074 ) (-1677 -1024 8074 ) (-1676 -1024 8074 ) 
4 215 216 (-1677 -1095 8074 ) (-1677 -1095 8064 ) (-1676 -1095 8064 ) (-1676 -1095 8074 ) 
4 215 217 (-1677 -1024 8064 ) (-1677 -1095 8064 ) (-1677 -1095 8074 ) (-1677 -1024 8074 ) 
4 216 220 (-1676 -1104 8072 ) (-1676 -1104 8198 ) (-1677 -1104 8198 ) (-1677 -1104 8072 ) 
4 216 217 (-1677 -1095 8064 ) (-1677 -1104 8064 ) (-1677 -1104 8198 ) (-1677 -1095 8198 ) 
4 217 220 (-1680 -1104 8198 ) (-1680 -1104 8072 ) (-1677 -1104 8072 ) (-1677 -1104 8198 ) 
4 217 218 (-1680 -1104 8072 ) (-1680 -1104 8198 ) (-1680 -1024 8198 ) (-1680 -1024 8072 ) 
4 218 227 (-2048 -1104 7581.333496 ) (-2048 -1104 13312 ) (-2048 -1024 13312 ) (-2048 -1024 7581.333008 ) 
4 218 222 (-1680 -1104 8072 ) (-1680 -1104 13312 ) (-2048 -1104 13312 ) (-2048 -1104 7581.333008 ) 
4 218 219 (-2048 -1024 7581.335449 ) (-1776 -1024 7944.001953 ) (-1776 -1104 7944.001953 ) (-2048 -1104 7581.335449 ) 
4 219 227 (-2048 -1104 0 ) (-2048 -1104 7581.333496 ) (-2048 -1024 7581.333008 ) (-2048 -1024 0 ) 
4 219 222 (-1776 -1104 7944 ) (-2048 -1104 7581.333008 ) (-2048 -1104 0 ) (-1776 -1104 0 ) 
4 220 222 (-1680 -1104 13312 ) (-1680 -1104 8072 ) (-1680 -1200 7944 ) (-1680 -1200 13312 ) 
4 220 221 (-1680 -1200 13312 ) (-1680 -1200 7944 ) (-1024 -1200 7944 ) (-1024 -1200 13312 ) 
4 221 224 (-1024 -2048 0 ) (-1024 -2048 13312 ) (-1680 -2048 13312 ) (-1680 -2048 0 ) 
4 221 222 (-1680 -2048 0 ) (-1680 -2048 13312 ) (-1680 -1200 13312 ) (-1680 -1200 0 ) 
4 222 227 (-2048 -2048 0 ) (-2048 -2048 13312 ) (-2048 -1104 13312 ) (-2048 -1104 0 ) 
4 222 224 (-1680 -2048 0 ) (-1680 -2048 13312 ) (-2048 -2048 13312 ) (-2048 -2048 0 ) 
4 223 224 (-1024 -2048 13312 ) (-1024 -2048 0 ) (-1024 -2560 0 ) (-1024 -2560 13312 ) 
4 224 228 (-2048 -2560 0 ) (-2048 -2560 13312 ) (-2048 -2048 13312 ) (-2048 -2048 0 ) 
4 225 227 (-2048 -1024 0 ) (-2048 -1024 13312 ) (-3072 -1024 13312 ) (-3072 -1024 0 ) 
4 225 226 (-3072 0 13312 ) (-3072 0 0 ) (-3072 -1024 0 ) (-3072 -1024 13312 ) 
4 226 229 (-3072 -1024 0 ) (-3072 -1024 13312 ) (-3584 -1024 13312 ) (-3584 -1024 0 ) 
4 227 229 (-3072 -1024 13312 ) (-3072 -1024 0 ) (-3072 -2048 0 ) (-3072 -2048 13312 ) 
4 227 228 (-2048 -2048 0 ) (-2048 -2048 13312 ) (-3072 -2048 13312 ) (-3072 -2048 0 ) 
4 228 230 (-3072 -2560 0 ) (-3072 -2560 13312 ) (-3072 -2048 13312 ) (-3072 -2048 0 ) 
4 229 230 (-3072 -2048 0 ) (-3072 -2048 13312 ) (-3584 -2048 13312 ) (-3584 -2048 0 ) 
